{"C:\\Users\\Ashish Mishra\\OneDrive\\Desktop\\StadiumMind AI\\src\\features\\ai-copilot\\components\\ChatHistory.tsx": {"path":"C:\\Users\\Ashish Mishra\\OneDrive\\Desktop\\StadiumMind AI\\src\\features\\ai-copilot\\components\\ChatHistory.tsx","statementMap":{"0":{"start":{"line":12,"column":6},"end":{"line":144,"column":null}},"1":{"start":{"line":16,"column":16},"end":{"line":16,"column":null}},"2":{"start":{"line":17,"column":15},"end":{"line":17,"column":null}},"3":{"start":{"line":18,"column":16},"end":{"line":18,"column":null}},"4":{"start":{"line":20,"column":38},"end":{"line":20,"column":null}},"5":{"start":{"line":21,"column":37},"end":{"line":21,"column":null}},"6":{"start":{"line":22,"column":37},"end":{"line":22,"column":null}},"7":{"start":{"line":24,"column":8},"end":{"line":34,"column":null}},"8":{"start":{"line":25,"column":4},"end":{"line":33,"column":null}},"9":{"start":{"line":26,"column":6},"end":{"line":30,"column":null}},"10":{"start":{"line":31,"column":6},"end":{"line":31,"column":null}},"11":{"start":{"line":32,"column":6},"end":{"line":32,"column":null}},"12":{"start":{"line":36,"column":8},"end":{"line":48,"column":null}},"13":{"start":{"line":37,"column":4},"end":{"line":47,"column":null}},"14":{"start":{"line":38,"column":6},"end":{"line":44,"column":null}},"15":{"start":{"line":45,"column":6},"end":{"line":45,"column":null}},"16":{"start":{"line":46,"column":6},"end":{"line":46,"column":null}},"17":{"start":{"line":50,"column":8},"end":{"line":63,"column":null}},"18":{"start":{"line":52,"column":18},"end":{"line":52,"column":null}},"19":{"start":{"line":53,"column":4},"end":{"line":62,"column":null}},"20":{"start":{"line":54,"column":6},"end":{"line":60,"column":null}},"21":{"start":{"line":55,"column":8},"end":{"line":58,"column":null}},"22":{"start":{"line":61,"column":6},"end":{"line":61,"column":null}},"23":{"start":{"line":65,"column":2},"end":{"line":138,"column":null}},"24":{"start":{"line":67,"column":4},"end":{"line":137,"column":null}},"25":{"start":{"line":68,"column":6},"end":{"line":68,"column":null}},"26":{"start":{"line":69,"column":6},"end":{"line":69,"column":null}},"27":{"start":{"line":70,"column":6},"end":{"line":74,"column":null}},"28":{"start":{"line":75,"column":11},"end":{"line":137,"column":null}},"29":{"start":{"line":76,"column":6},"end":{"line":76,"column":null}},"30":{"start":{"line":77,"column":6},"end":{"line":77,"column":null}},"31":{"start":{"line":78,"column":6},"end":{"line":82,"column":null}},"32":{"start":{"line":83,"column":11},"end":{"line":137,"column":null}},"33":{"start":{"line":84,"column":6},"end":{"line":84,"column":null}},"34":{"start":{"line":85,"column":6},"end":{"line":85,"column":null}},"35":{"start":{"line":86,"column":6},"end":{"line":90,"column":null}},"36":{"start":{"line":93,"column":9},"end":{"line":137,"column":null}},"37":{"start":{"line":94,"column":6},"end":{"line":94,"column":null}},"38":{"start":{"line":95,"column":6},"end":{"line":95,"column":null}},"39":{"start":{"line":96,"column":6},"end":{"line":100,"column":null}},"40":{"start":{"line":103,"column":9},"end":{"line":137,"column":null}},"41":{"start":{"line":104,"column":6},"end":{"line":104,"column":null}},"42":{"start":{"line":105,"column":6},"end":{"line":105,"column":null}},"43":{"start":{"line":106,"column":20},"end":{"line":106,"column":null}},"44":{"start":{"line":106,"column":50},"end":{"line":106,"column":65}},"45":{"start":{"line":108,"column":6},"end":{"line":108,"column":null}},"46":{"start":{"line":108,"column":36},"end":{"line":108,"column":null}},"47":{"start":{"line":110,"column":6},"end":{"line":121,"column":null}},"48":{"start":{"line":113,"column":12},"end":{"line":118,"column":null}},"49":{"start":{"line":124,"column":9},"end":{"line":137,"column":null}},"50":{"start":{"line":125,"column":6},"end":{"line":125,"column":null}},"51":{"start":{"line":126,"column":6},"end":{"line":126,"column":null}},"52":{"start":{"line":130,"column":6},"end":{"line":130,"column":null}},"53":{"start":{"line":131,"column":6},"end":{"line":131,"column":null}},"54":{"start":{"line":132,"column":6},"end":{"line":136,"column":null}},"55":{"start":{"line":140,"column":2},"end":{"line":140,"column":null}},"56":{"start":{"line":141,"column":2},"end":{"line":141,"column":null}},"57":{"start":{"line":143,"column":2},"end":{"line":143,"column":null}},"58":{"start":{"line":146,"column":13},"end":{"line":349,"column":null}},"59":{"start":{"line":152,"column":20},"end":{"line":152,"column":null}},"60":{"start":{"line":153,"column":26},"end":{"line":153,"column":51}},"61":{"start":{"line":155,"column":8},"end":{"line":157,"column":null}},"62":{"start":{"line":156,"column":4},"end":{"line":156,"column":null}},"63":{"start":{"line":159,"column":8},"end":{"line":185,"column":null}},"64":{"start":{"line":160,"column":4},"end":{"line":160,"column":null}},"65":{"start":{"line":160,"column":22},"end":{"line":160,"column":null}},"66":{"start":{"line":162,"column":32},"end":{"line":162,"column":null}},"67":{"start":{"line":163,"column":19},"end":{"line":163,"column":null}},"68":{"start":{"line":165,"column":6},"end":{"line":165,"column":null}},"69":{"start":{"line":167,"column":4},"end":{"line":172,"column":null}},"70":{"start":{"line":168,"column":6},"end":{"line":168,"column":null}},"71":{"start":{"line":169,"column":6},"end":{"line":169,"column":null}},"72":{"start":{"line":171,"column":6},"end":{"line":171,"column":null}},"73":{"start":{"line":174,"column":4},"end":{"line":178,"column":null}},"74":{"start":{"line":175,"column":6},"end":{"line":175,"column":null}},"75":{"start":{"line":177,"column":6},"end":{"line":177,"column":null}},"76":{"start":{"line":180,"column":4},"end":{"line":182,"column":null}},"77":{"start":{"line":181,"column":6},"end":{"line":181,"column":null}},"78":{"start":{"line":184,"column":4},"end":{"line":184,"column":null}},"79":{"start":{"line":187,"column":8},"end":{"line":196,"column":null}},"80":{"start":{"line":188,"column":4},"end":{"line":188,"column":null}},"81":{"start":{"line":188,"column":22},"end":{"line":188,"column":null}},"82":{"start":{"line":189,"column":20},"end":{"line":189,"column":null}},"83":{"start":{"line":190,"column":4},"end":{"line":191,"column":null}},"84":{"start":{"line":190,"column":45},"end":{"line":190,"column":70}},"85":{"start":{"line":191,"column":6},"end":{"line":191,"column":null}},"86":{"start":{"line":192,"column":4},"end":{"line":192,"column":null}},"87":{"start":{"line":192,"column":61},"end":{"line":192,"column":null}},"88":{"start":{"line":193,"column":4},"end":{"line":194,"column":null}},"89":{"start":{"line":194,"column":6},"end":{"line":194,"column":null}},"90":{"start":{"line":195,"column":4},"end":{"line":195,"column":null}},"91":{"start":{"line":198,"column":2},"end":{"line":200,"column":null}},"92":{"start":{"line":199,"column":4},"end":{"line":199,"column":null}},"93":{"start":{"line":202,"column":2},"end":{"line":218,"column":null}},"94":{"start":{"line":203,"column":4},"end":{"line":216,"column":null}},"95":{"start":{"line":220,"column":2},"end":{"line":347,"column":null}},"96":{"start":{"line":227,"column":8},"end":{"line":315,"column":null}},"97":{"start":{"line":262,"column":26},"end":{"line":267,"column":null}},"98":{"start":{"line":273,"column":41},"end":{"line":273,"column":null}},"99":{"start":{"line":288,"column":30},"end":{"line":294,"column":null}},"100":{"start":{"line":290,"column":47},"end":{"line":290,"column":null}}},"fnMap":{"0":{"name":"(anonymous_0)","decl":{"start":{"line":12,"column":6},"end":{"line":12,"column":24}},"loc":{"start":{"line":12,"column":41},"end":{"line":144,"column":null}},"line":12},"1":{"name":"(anonymous_1)","decl":{"start":{"line":24,"column":8},"end":{"line":24,"column":26}},"loc":{"start":{"line":24,"column":26},"end":{"line":34,"column":null}},"line":24},"2":{"name":"(anonymous_2)","decl":{"start":{"line":36,"column":8},"end":{"line":36,"column":27}},"loc":{"start":{"line":36,"column":27},"end":{"line":48,"column":null}},"line":36},"3":{"name":"(anonymous_3)","decl":{"start":{"line":50,"column":8},"end":{"line":50,"column":23}},"loc":{"start":{"line":50,"column":40},"end":{"line":63,"column":null}},"line":50},"4":{"name":"(anonymous_4)","decl":{"start":{"line":53,"column":17},"end":{"line":53,"column":22}},"loc":{"start":{"line":53,"column":34},"end":{"line":62,"column":5}},"line":53},"5":{"name":"(anonymous_5)","decl":{"start":{"line":65,"column":8},"end":{"line":65,"column":17}},"loc":{"start":{"line":65,"column":33},"end":{"line":138,"column":3}},"line":65},"6":{"name":"(anonymous_6)","decl":{"start":{"line":106,"column":36},"end":{"line":106,"column":44}},"loc":{"start":{"line":106,"column":50},"end":{"line":106,"column":65}},"line":106},"7":{"name":"(anonymous_7)","decl":{"start":{"line":112,"column":17},"end":{"line":112,"column":22}},"loc":{"start":{"line":113,"column":12},"end":{"line":118,"column":null}},"line":113},"8":{"name":"(anonymous_8)","decl":{"start":{"line":146,"column":13},"end":{"line":146,"column":94}},"loc":{"start":{"line":151,"column":6},"end":{"line":349,"column":null}},"line":151},"9":{"name":"(anonymous_9)","decl":{"start":{"line":155,"column":8},"end":{"line":155,"column":22}},"loc":{"start":{"line":155,"column":39},"end":{"line":157,"column":null}},"line":155},"10":{"name":"(anonymous_10)","decl":{"start":{"line":159,"column":8},"end":{"line":159,"column":31}},"loc":{"start":{"line":159,"column":55},"end":{"line":185,"column":null}},"line":159},"11":{"name":"(anonymous_11)","decl":{"start":{"line":187,"column":8},"end":{"line":187,"column":33}},"loc":{"start":{"line":187,"column":33},"end":{"line":196,"column":null}},"line":187},"12":{"name":"(anonymous_12)","decl":{"start":{"line":190,"column":33},"end":{"line":190,"column":39}},"loc":{"start":{"line":190,"column":45},"end":{"line":190,"column":70}},"line":190},"13":{"name":"(anonymous_13)","decl":{"start":{"line":198,"column":2},"end":{"line":198,"column":18}},"loc":{"start":{"line":198,"column":18},"end":{"line":200,"column":5}},"line":198},"14":{"name":"(anonymous_14)","decl":{"start":{"line":226,"column":16},"end":{"line":226,"column":21}},"loc":{"start":{"line":227,"column":8},"end":{"line":315,"column":null}},"line":227},"15":{"name":"(anonymous_15)","decl":{"start":{"line":261,"column":44},"end":{"line":261,"column":49}},"loc":{"start":{"line":262,"column":26},"end":{"line":267,"column":null}},"line":262},"16":{"name":"(anonymous_16)","decl":{"start":{"line":273,"column":26},"end":{"line":273,"column":41}},"loc":{"start":{"line":273,"column":41},"end":{"line":273,"column":null}},"line":273},"17":{"name":"(anonymous_17)","decl":{"start":{"line":287,"column":62},"end":{"line":287,"column":67}},"loc":{"start":{"line":288,"column":30},"end":{"line":294,"column":null}},"line":288},"18":{"name":"(anonymous_18)","decl":{"start":{"line":290,"column":32},"end":{"line":290,"column":47}},"loc":{"start":{"line":290,"column":47},"end":{"line":290,"column":null}},"line":290}},"branchMap":{"0":{"loc":{"start":{"line":25,"column":4},"end":{"line":33,"column":null}},"type":"if","locations":[{"start":{"line":25,"column":4},"end":{"line":33,"column":null}},{"start":{},"end":{}}],"line":25},"1":{"loc":{"start":{"line":25,"column":8},"end":{"line":25,"column":40}},"type":"binary-expr","locations":[{"start":{"line":25,"column":8},"end":{"line":25,"column":18}},{"start":{"line":25,"column":18},"end":{"line":25,"column":40}}],"line":25},"2":{"loc":{"start":{"line":37,"column":4},"end":{"line":47,"column":null}},"type":"if","locations":[{"start":{"line":37,"column":4},"end":{"line":47,"column":null}},{"start":{},"end":{}}],"line":37},"3":{"loc":{"start":{"line":37,"column":8},"end":{"line":37,"column":41}},"type":"binary-expr","locations":[{"start":{"line":37,"column":8},"end":{"line":37,"column":19}},{"start":{"line":37,"column":19},"end":{"line":37,"column":41}}],"line":37},"4":{"loc":{"start":{"line":54,"column":6},"end":{"line":60,"column":null}},"type":"if","locations":[{"start":{"line":54,"column":6},"end":{"line":60,"column":null}},{"start":{},"end":{}}],"line":54},"5":{"loc":{"start":{"line":54,"column":10},"end":{"line":54,"column":56}},"type":"binary-expr","locations":[{"start":{"line":54,"column":10},"end":{"line":54,"column":35}},{"start":{"line":54,"column":35},"end":{"line":54,"column":56}}],"line":54},"6":{"loc":{"start":{"line":67,"column":4},"end":{"line":137,"column":null}},"type":"if","locations":[{"start":{"line":67,"column":4},"end":{"line":137,"column":null}},{"start":{"line":75,"column":11},"end":{"line":137,"column":null}}],"line":67},"7":{"loc":{"start":{"line":75,"column":11},"end":{"line":137,"column":null}},"type":"if","locations":[{"start":{"line":75,"column":11},"end":{"line":137,"column":null}},{"start":{"line":83,"column":11},"end":{"line":137,"column":null}}],"line":75},"8":{"loc":{"start":{"line":83,"column":11},"end":{"line":137,"column":null}},"type":"if","locations":[{"start":{"line":83,"column":11},"end":{"line":137,"column":null}},{"start":{"line":93,"column":9},"end":{"line":137,"column":null}}],"line":83},"9":{"loc":{"start":{"line":93,"column":9},"end":{"line":137,"column":null}},"type":"if","locations":[{"start":{"line":93,"column":9},"end":{"line":137,"column":null}},{"start":{"line":103,"column":9},"end":{"line":137,"column":null}}],"line":93},"10":{"loc":{"start":{"line":93,"column":13},"end":{"line":93,"column":75}},"type":"binary-expr","locations":[{"start":{"line":93,"column":13},"end":{"line":93,"column":45}},{"start":{"line":93,"column":45},"end":{"line":93,"column":75}}],"line":93},"11":{"loc":{"start":{"line":103,"column":9},"end":{"line":137,"column":null}},"type":"if","locations":[{"start":{"line":103,"column":9},"end":{"line":137,"column":null}},{"start":{"line":124,"column":9},"end":{"line":137,"column":null}}],"line":103},"12":{"loc":{"start":{"line":103,"column":13},"end":{"line":103,"column":71}},"type":"binary-expr","locations":[{"start":{"line":103,"column":13},"end":{"line":103,"column":44}},{"start":{"line":103,"column":44},"end":{"line":103,"column":71}}],"line":103},"13":{"loc":{"start":{"line":108,"column":6},"end":{"line":108,"column":null}},"type":"if","locations":[{"start":{"line":108,"column":6},"end":{"line":108,"column":null}},{"start":{},"end":{}}],"line":108},"14":{"loc":{"start":{"line":124,"column":9},"end":{"line":137,"column":null}},"type":"if","locations":[{"start":{"line":124,"column":9},"end":{"line":137,"column":null}},{"start":{"line":129,"column":9},"end":{"line":137,"column":null}}],"line":124},"15":{"loc":{"start":{"line":160,"column":4},"end":{"line":160,"column":null}},"type":"if","locations":[{"start":{"line":160,"column":4},"end":{"line":160,"column":null}},{"start":{},"end":{}}],"line":160},"16":{"loc":{"start":{"line":165,"column":6},"end":{"line":165,"column":null}},"type":"binary-expr","locations":[{"start":{"line":165,"column":6},"end":{"line":165,"column":56}},{"start":{"line":165,"column":56},"end":{"line":165,"column":null}}],"line":165},"17":{"loc":{"start":{"line":167,"column":4},"end":{"line":172,"column":null}},"type":"if","locations":[{"start":{"line":167,"column":4},"end":{"line":172,"column":null}},{"start":{"line":170,"column":11},"end":{"line":172,"column":null}}],"line":167},"18":{"loc":{"start":{"line":174,"column":4},"end":{"line":178,"column":null}},"type":"if","locations":[{"start":{"line":174,"column":4},"end":{"line":178,"column":null}},{"start":{"line":176,"column":11},"end":{"line":178,"column":null}}],"line":174},"19":{"loc":{"start":{"line":180,"column":4},"end":{"line":182,"column":null}},"type":"if","locations":[{"start":{"line":180,"column":4},"end":{"line":182,"column":null}},{"start":{},"end":{}}],"line":180},"20":{"loc":{"start":{"line":180,"column":8},"end":{"line":180,"column":79}},"type":"binary-expr","locations":[{"start":{"line":180,"column":8},"end":{"line":180,"column":45}},{"start":{"line":180,"column":45},"end":{"line":180,"column":79}}],"line":180},"21":{"loc":{"start":{"line":188,"column":4},"end":{"line":188,"column":null}},"type":"if","locations":[{"start":{"line":188,"column":4},"end":{"line":188,"column":null}},{"start":{},"end":{}}],"line":188},"22":{"loc":{"start":{"line":190,"column":4},"end":{"line":191,"column":null}},"type":"if","locations":[{"start":{"line":190,"column":4},"end":{"line":191,"column":null}},{"start":{},"end":{}}],"line":190},"23":{"loc":{"start":{"line":192,"column":4},"end":{"line":192,"column":null}},"type":"if","locations":[{"start":{"line":192,"column":4},"end":{"line":192,"column":null}},{"start":{},"end":{}}],"line":192},"24":{"loc":{"start":{"line":193,"column":4},"end":{"line":194,"column":null}},"type":"if","locations":[{"start":{"line":193,"column":4},"end":{"line":194,"column":null}},{"start":{},"end":{}}],"line":193},"25":{"loc":{"start":{"line":202,"column":2},"end":{"line":218,"column":null}},"type":"if","locations":[{"start":{"line":202,"column":2},"end":{"line":218,"column":null}},{"start":{},"end":{}}],"line":202},"26":{"loc":{"start":{"line":229,"column":29},"end":{"line":229,"column":null}},"type":"cond-expr","locations":[{"start":{"line":229,"column":51},"end":{"line":229,"column":67}},{"start":{"line":229,"column":67},"end":{"line":229,"column":null}}],"line":229},"27":{"loc":{"start":{"line":232,"column":13},"end":{"line":235,"column":null}},"type":"binary-expr","locations":[{"start":{"line":232,"column":13},"end":{"line":232,"column":null}},{"start":{"line":233,"column":14},"end":{"line":235,"column":null}}],"line":232},"28":{"loc":{"start":{"line":239,"column":16},"end":{"line":241,"column":null}},"type":"cond-expr","locations":[{"start":{"line":240,"column":20},"end":{"line":240,"column":null}},{"start":{"line":241,"column":20},"end":{"line":241,"column":null}}],"line":239},"29":{"loc":{"start":{"line":243,"column":29},"end":{"line":243,"column":null}},"type":"cond-expr","locations":[{"start":{"line":243,"column":51},"end":{"line":243,"column":65}},{"start":{"line":243,"column":65},"end":{"line":243,"column":null}}],"line":243},"30":{"loc":{"start":{"line":245,"column":15},"end":{"line":303,"column":15}},"type":"cond-expr","locations":[{"start":{"line":246,"column":16},"end":{"line":248,"column":17}},{"start":{"line":248,"column":16},"end":{"line":303,"column":15}}],"line":245},"31":{"loc":{"start":{"line":251,"column":21},"end":{"line":254,"column":null}},"type":"binary-expr","locations":[{"start":{"line":251,"column":21},"end":{"line":251,"column":36}},{"start":{"line":251,"column":36},"end":{"line":251,"column":null}},{"start":{"line":252,"column":22},"end":{"line":254,"column":null}}],"line":251},"32":{"loc":{"start":{"line":256,"column":19},"end":{"line":301,"column":null}},"type":"binary-expr","locations":[{"start":{"line":256,"column":19},"end":{"line":256,"column":35}},{"start":{"line":256,"column":35},"end":{"line":256,"column":null}},{"start":{"line":257,"column":20},"end":{"line":301,"column":null}}],"line":256},"33":{"loc":{"start":{"line":281,"column":23},"end":{"line":297,"column":null}},"type":"binary-expr","locations":[{"start":{"line":281,"column":23},"end":{"line":281,"column":null}},{"start":{"line":282,"column":24},"end":{"line":297,"column":null}}],"line":281},"34":{"loc":{"start":{"line":304,"column":89},"end":{"line":304,"column":null}},"type":"cond-expr","locations":[{"start":{"line":304,"column":111},"end":{"line":304,"column":143}},{"start":{"line":304,"column":143},"end":{"line":304,"column":null}}],"line":304},"35":{"loc":{"start":{"line":309,"column":13},"end":{"line":312,"column":null}},"type":"binary-expr","locations":[{"start":{"line":309,"column":13},"end":{"line":309,"column":null}},{"start":{"line":310,"column":14},"end":{"line":312,"column":null}}],"line":309},"36":{"loc":{"start":{"line":318,"column":7},"end":{"line":344,"column":null}},"type":"binary-expr","locations":[{"start":{"line":318,"column":7},"end":{"line":318,"column":null}},{"start":{"line":319,"column":8},"end":{"line":344,"column":null}}],"line":318}},"s":{"0":1,"1":1,"2":1,"3":1,"4":1,"5":1,"6":1,"7":1,"8":2,"9":0,"10":0,"11":0,"12":1,"13":2,"14":0,"15":0,"16":0,"17":1,"18":1,"19":1,"20":1,"21":0,"22":1,"23":1,"24":1,"25":0,"26":0,"27":0,"28":1,"29":0,"30":0,"31":0,"32":1,"33":0,"34":0,"35":0,"36":1,"37":0,"38":0,"39":0,"40":1,"41":0,"42":0,"43":0,"44":0,"45":0,"46":0,"47":0,"48":0,"49":1,"50":0,"51":0,"52":1,"53":1,"54":1,"55":1,"56":1,"57":1,"58":1,"59":1,"60":1,"61":1,"62":0,"63":1,"64":1,"65":0,"66":1,"67":1,"68":1,"69":1,"70":0,"71":0,"72":1,"73":1,"74":1,"75":0,"76":1,"77":0,"78":1,"79":1,"80":1,"81":0,"82":1,"83":1,"84":0,"85":0,"86":1,"87":1,"88":1,"89":0,"90":1,"91":1,"92":1,"93":1,"94":0,"95":1,"96":1,"97":3,"98":0,"99":2,"100":0},"f":{"0":1,"1":2,"2":2,"3":1,"4":1,"5":1,"6":0,"7":0,"8":1,"9":0,"10":1,"11":1,"12":0,"13":1,"14":1,"15":3,"16":0,"17":2,"18":0},"b":{"0":[0,2],"1":[2,0],"2":[0,2],"3":[2,0],"4":[0,1],"5":[1,0],"6":[0,1],"7":[0,1],"8":[0,1],"9":[0,1],"10":[1,1],"11":[0,1],"12":[1,0],"13":[0,0],"14":[0,1],"15":[0,1],"16":[1,1],"17":[0,1],"18":[1,0],"19":[0,1],"20":[1,1],"21":[0,1],"22":[0,1],"23":[1,0],"24":[0,1],"25":[0,1],"26":[0,1],"27":[1,1],"28":[0,1],"29":[0,1],"30":[0,1],"31":[1,0,0],"32":[1,1,1],"33":[1,1],"34":[0,1],"35":[1,0],"36":[1,0]},"meta":{"lastBranch":37,"lastFunction":19,"lastStatement":101,"seen":{"s:12:6:144:Infinity":0,"f:12:6:12:24":0,"s:16:16:16:Infinity":1,"s:17:15:17:Infinity":2,"s:18:16:18:Infinity":3,"s:20:38:20:Infinity":4,"s:21:37:21:Infinity":5,"s:22:37:22:Infinity":6,"s:24:8:34:Infinity":7,"f:24:8:24:26":1,"b:25:4:33:Infinity:undefined:undefined:undefined:undefined":0,"s:25:4:33:Infinity":8,"b:25:8:25:18:25:18:25:40":1,"s:26:6:30:Infinity":9,"s:31:6:31:Infinity":10,"s:32:6:32:Infinity":11,"s:36:8:48:Infinity":12,"f:36:8:36:27":2,"b:37:4:47:Infinity:undefined:undefined:undefined:undefined":2,"s:37:4:47:Infinity":13,"b:37:8:37:19:37:19:37:41":3,"s:38:6:44:Infinity":14,"s:45:6:45:Infinity":15,"s:46:6:46:Infinity":16,"s:50:8:63:Infinity":17,"f:50:8:50:23":3,"s:52:18:52:Infinity":18,"s:53:4:62:Infinity":19,"f:53:17:53:22":4,"b:54:6:60:Infinity:undefined:undefined:undefined:undefined":4,"s:54:6:60:Infinity":20,"b:54:10:54:35:54:35:54:56":5,"s:55:8:58:Infinity":21,"s:61:6:61:Infinity":22,"s:65:2:138:Infinity":23,"f:65:8:65:17":5,"b:67:4:137:Infinity:75:11:137:Infinity":6,"s:67:4:137:Infinity":24,"s:68:6:68:Infinity":25,"s:69:6:69:Infinity":26,"s:70:6:74:Infinity":27,"b:75:11:137:Infinity:83:11:137:Infinity":7,"s:75:11:137:Infinity":28,"s:76:6:76:Infinity":29,"s:77:6:77:Infinity":30,"s:78:6:82:Infinity":31,"b:83:11:137:Infinity:93:9:137:Infinity":8,"s:83:11:137:Infinity":32,"s:84:6:84:Infinity":33,"s:85:6:85:Infinity":34,"s:86:6:90:Infinity":35,"b:93:9:137:Infinity:103:9:137:Infinity":9,"s:93:9:137:Infinity":36,"b:93:13:93:45:93:45:93:75":10,"s:94:6:94:Infinity":37,"s:95:6:95:Infinity":38,"s:96:6:100:Infinity":39,"b:103:9:137:Infinity:124:9:137:Infinity":11,"s:103:9:137:Infinity":40,"b:103:13:103:44:103:44:103:71":12,"s:104:6:104:Infinity":41,"s:105:6:105:Infinity":42,"s:106:20:106:Infinity":43,"f:106:36:106:44":6,"s:106:50:106:65":44,"b:108:6:108:Infinity:undefined:undefined:undefined:undefined":13,"s:108:6:108:Infinity":45,"s:108:36:108:Infinity":46,"s:110:6:121:Infinity":47,"f:112:17:112:22":7,"s:113:12:118:Infinity":48,"b:124:9:137:Infinity:129:9:137:Infinity":14,"s:124:9:137:Infinity":49,"s:125:6:125:Infinity":50,"s:126:6:126:Infinity":51,"s:130:6:130:Infinity":52,"s:131:6:131:Infinity":53,"s:132:6:136:Infinity":54,"s:140:2:140:Infinity":55,"s:141:2:141:Infinity":56,"s:143:2:143:Infinity":57,"s:146:13:349:Infinity":58,"f:146:13:146:94":8,"s:152:20:152:Infinity":59,"s:153:26:153:51":60,"s:155:8:157:Infinity":61,"f:155:8:155:22":9,"s:156:4:156:Infinity":62,"s:159:8:185:Infinity":63,"f:159:8:159:31":10,"b:160:4:160:Infinity:undefined:undefined:undefined:undefined":15,"s:160:4:160:Infinity":64,"s:160:22:160:Infinity":65,"s:162:32:162:Infinity":66,"s:163:19:163:Infinity":67,"s:165:6:165:Infinity":68,"b:165:6:165:56:165:56:165:Infinity":16,"b:167:4:172:Infinity:170:11:172:Infinity":17,"s:167:4:172:Infinity":69,"s:168:6:168:Infinity":70,"s:169:6:169:Infinity":71,"s:171:6:171:Infinity":72,"b:174:4:178:Infinity:176:11:178:Infinity":18,"s:174:4:178:Infinity":73,"s:175:6:175:Infinity":74,"s:177:6:177:Infinity":75,"b:180:4:182:Infinity:undefined:undefined:undefined:undefined":19,"s:180:4:182:Infinity":76,"b:180:8:180:45:180:45:180:79":20,"s:181:6:181:Infinity":77,"s:184:4:184:Infinity":78,"s:187:8:196:Infinity":79,"f:187:8:187:33":11,"b:188:4:188:Infinity:undefined:undefined:undefined:undefined":21,"s:188:4:188:Infinity":80,"s:188:22:188:Infinity":81,"s:189:20:189:Infinity":82,"b:190:4:191:Infinity:undefined:undefined:undefined:undefined":22,"s:190:4:191:Infinity":83,"f:190:33:190:39":12,"s:190:45:190:70":84,"s:191:6:191:Infinity":85,"b:192:4:192:Infinity:undefined:undefined:undefined:undefined":23,"s:192:4:192:Infinity":86,"s:192:61:192:Infinity":87,"b:193:4:194:Infinity:undefined:undefined:undefined:undefined":24,"s:193:4:194:Infinity":88,"s:194:6:194:Infinity":89,"s:195:4:195:Infinity":90,"s:198:2:200:Infinity":91,"f:198:2:198:18":13,"s:199:4:199:Infinity":92,"b:202:2:218:Infinity:undefined:undefined:undefined:undefined":25,"s:202:2:218:Infinity":93,"s:203:4:216:Infinity":94,"s:220:2:347:Infinity":95,"f:226:16:226:21":14,"s:227:8:315:Infinity":96,"b:229:51:229:67:229:67:229:Infinity":26,"b:232:13:232:Infinity:233:14:235:Infinity":27,"b:240:20:240:Infinity:241:20:241:Infinity":28,"b:243:51:243:65:243:65:243:Infinity":29,"b:246:16:248:17:248:16:303:15":30,"b:251:21:251:36:251:36:251:Infinity:252:22:254:Infinity":31,"b:256:19:256:35:256:35:256:Infinity:257:20:301:Infinity":32,"f:261:44:261:49":15,"s:262:26:267:Infinity":97,"f:273:26:273:41":16,"s:273:41:273:Infinity":98,"b:281:23:281:Infinity:282:24:297:Infinity":33,"f:287:62:287:67":17,"s:288:30:294:Infinity":99,"f:290:32:290:47":18,"s:290:47:290:Infinity":100,"b:304:111:304:143:304:143:304:Infinity":34,"b:309:13:309:Infinity:310:14:312:Infinity":35,"b:318:7:318:Infinity:319:8:344:Infinity":36},"fnNames":{}}}
,"C:\\Users\\Ashish Mishra\\OneDrive\\Desktop\\StadiumMind AI\\src\\features\\ai-copilot\\components\\ChatInput.tsx": {"path":"C:\\Users\\Ashish Mishra\\OneDrive\\Desktop\\StadiumMind AI\\src\\features\\ai-copilot\\components\\ChatInput.tsx","statementMap":{"0":{"start":{"line":9,"column":13},"end":{"line":60,"column":null}},"1":{"start":{"line":10,"column":28},"end":{"line":10,"column":null}},"2":{"start":{"line":12,"column":8},"end":{"line":18,"column":null}},"3":{"start":{"line":13,"column":4},"end":{"line":13,"column":null}},"4":{"start":{"line":14,"column":4},"end":{"line":17,"column":null}},"5":{"start":{"line":15,"column":6},"end":{"line":15,"column":null}},"6":{"start":{"line":16,"column":6},"end":{"line":16,"column":null}},"7":{"start":{"line":20,"column":8},"end":{"line":25,"column":null}},"8":{"start":{"line":21,"column":4},"end":{"line":24,"column":null}},"9":{"start":{"line":22,"column":6},"end":{"line":22,"column":null}},"10":{"start":{"line":23,"column":6},"end":{"line":23,"column":null}},"11":{"start":{"line":27,"column":2},"end":{"line":58,"column":null}},"12":{"start":{"line":36,"column":27},"end":{"line":36,"column":null}}},"fnMap":{"0":{"name":"(anonymous_0)","decl":{"start":{"line":9,"column":13},"end":{"line":9,"column":52}},"loc":{"start":{"line":9,"column":77},"end":{"line":60,"column":null}},"line":9},"1":{"name":"(anonymous_1)","decl":{"start":{"line":12,"column":8},"end":{"line":12,"column":24}},"loc":{"start":{"line":12,"column":47},"end":{"line":18,"column":null}},"line":12},"2":{"name":"(anonymous_2)","decl":{"start":{"line":20,"column":8},"end":{"line":20,"column":25}},"loc":{"start":{"line":20,"column":52},"end":{"line":25,"column":null}},"line":20},"3":{"name":"(anonymous_3)","decl":{"start":{"line":36,"column":10},"end":{"line":36,"column":21}},"loc":{"start":{"line":36,"column":27},"end":{"line":36,"column":null}},"line":36}},"branchMap":{"0":{"loc":{"start":{"line":14,"column":4},"end":{"line":17,"column":null}},"type":"if","locations":[{"start":{"line":14,"column":4},"end":{"line":17,"column":null}},{"start":{},"end":{}}],"line":14},"1":{"loc":{"start":{"line":14,"column":8},"end":{"line":14,"column":35}},"type":"binary-expr","locations":[{"start":{"line":14,"column":8},"end":{"line":14,"column":24}},{"start":{"line":14,"column":24},"end":{"line":14,"column":35}}],"line":14},"2":{"loc":{"start":{"line":21,"column":4},"end":{"line":24,"column":null}},"type":"if","locations":[{"start":{"line":21,"column":4},"end":{"line":24,"column":null}},{"start":{},"end":{}}],"line":21},"3":{"loc":{"start":{"line":21,"column":8},"end":{"line":21,"column":42}},"type":"binary-expr","locations":[{"start":{"line":21,"column":8},"end":{"line":21,"column":29}},{"start":{"line":21,"column":29},"end":{"line":21,"column":42}}],"line":21},"4":{"loc":{"start":{"line":46,"column":20},"end":{"line":46,"column":null}},"type":"binary-expr","locations":[{"start":{"line":46,"column":20},"end":{"line":46,"column":37}},{"start":{"line":46,"column":37},"end":{"line":46,"column":null}}],"line":46}},"s":{"0":1,"1":1,"2":1,"3":0,"4":0,"5":0,"6":0,"7":1,"8":0,"9":0,"10":0,"11":1,"12":0},"f":{"0":1,"1":0,"2":0,"3":0},"b":{"0":[0,0],"1":[0,0],"2":[0,0],"3":[0,0],"4":[1,0]},"meta":{"lastBranch":5,"lastFunction":4,"lastStatement":13,"seen":{"s:9:13:60:Infinity":0,"f:9:13:9:52":0,"s:10:28:10:Infinity":1,"s:12:8:18:Infinity":2,"f:12:8:12:24":1,"s:13:4:13:Infinity":3,"b:14:4:17:Infinity:undefined:undefined:undefined:undefined":0,"s:14:4:17:Infinity":4,"b:14:8:14:24:14:24:14:35":1,"s:15:6:15:Infinity":5,"s:16:6:16:Infinity":6,"s:20:8:25:Infinity":7,"f:20:8:20:25":2,"b:21:4:24:Infinity:undefined:undefined:undefined:undefined":2,"s:21:4:24:Infinity":8,"b:21:8:21:29:21:29:21:42":3,"s:22:6:22:Infinity":9,"s:23:6:23:Infinity":10,"s:27:2:58:Infinity":11,"f:36:10:36:21":3,"s:36:27:36:Infinity":12,"b:46:20:46:37:46:37:46:Infinity":4},"fnNames":{}}}
,"C:\\Users\\Ashish Mishra\\OneDrive\\Desktop\\StadiumMind AI\\src\\features\\ai-copilot\\components\\CopilotPanel.tsx": {"path":"C:\\Users\\Ashish Mishra\\OneDrive\\Desktop\\StadiumMind AI\\src\\features\\ai-copilot\\components\\CopilotPanel.tsx","statementMap":{"0":{"start":{"line":10,"column":13},"end":{"line":103,"column":null}},"1":{"start":{"line":20,"column":6},"end":{"line":20,"column":17}},"2":{"start":{"line":22,"column":8},"end":{"line":24,"column":null}},"3":{"start":{"line":23,"column":4},"end":{"line":23,"column":null}},"4":{"start":{"line":26,"column":2},"end":{"line":101,"column":null}},"5":{"start":{"line":49,"column":29},"end":{"line":49,"column":null}}},"fnMap":{"0":{"name":"(anonymous_0)","decl":{"start":{"line":10,"column":13},"end":{"line":10,"column":44}},"loc":{"start":{"line":10,"column":44},"end":{"line":103,"column":null}},"line":10},"1":{"name":"(anonymous_1)","decl":{"start":{"line":22,"column":8},"end":{"line":22,"column":22}},"loc":{"start":{"line":22,"column":39},"end":{"line":24,"column":null}},"line":22},"2":{"name":"(anonymous_2)","decl":{"start":{"line":49,"column":12},"end":{"line":49,"column":23}},"loc":{"start":{"line":49,"column":29},"end":{"line":49,"column":null}},"line":49}},"branchMap":{"0":{"loc":{"start":{"line":66,"column":50},"end":{"line":66,"column":77}},"type":"binary-expr","locations":[{"start":{"line":66,"column":50},"end":{"line":66,"column":63}},{"start":{"line":66,"column":63},"end":{"line":66,"column":77}}],"line":66},"1":{"loc":{"start":{"line":68,"column":7},"end":{"line":86,"column":null}},"type":"binary-expr","locations":[{"start":{"line":68,"column":7},"end":{"line":68,"column":null}},{"start":{"line":69,"column":8},"end":{"line":86,"column":null}}],"line":68},"2":{"loc":{"start":{"line":96,"column":7},"end":{"line":97,"column":null}},"type":"binary-expr","locations":[{"start":{"line":96,"column":7},"end":{"line":96,"column":null}},{"start":{"line":97,"column":8},"end":{"line":97,"column":null}}],"line":96},"3":{"loc":{"start":{"line":97,"column":60},"end":{"line":97,"column":87}},"type":"binary-expr","locations":[{"start":{"line":97,"column":60},"end":{"line":97,"column":73}},{"start":{"line":97,"column":73},"end":{"line":97,"column":87}}],"line":97},"4":{"loc":{"start":{"line":100,"column":47},"end":{"line":100,"column":74}},"type":"binary-expr","locations":[{"start":{"line":100,"column":47},"end":{"line":100,"column":60}},{"start":{"line":100,"column":60},"end":{"line":100,"column":74}}],"line":100}},"s":{"0":1,"1":1,"2":1,"3":0,"4":1,"5":0},"f":{"0":1,"1":0,"2":0},"b":{"0":[1,1],"1":[1,0],"2":[1,0],"3":[0,0],"4":[1,1]},"meta":{"lastBranch":5,"lastFunction":3,"lastStatement":6,"seen":{"s:10:13:103:Infinity":0,"f:10:13:10:44":0,"s:20:6:20:17":1,"s:22:8:24:Infinity":2,"f:22:8:22:22":1,"s:23:4:23:Infinity":3,"s:26:2:101:Infinity":4,"f:49:12:49:23":2,"s:49:29:49:Infinity":5,"b:66:50:66:63:66:63:66:77":0,"b:68:7:68:Infinity:69:8:86:Infinity":1,"b:96:7:96:Infinity:97:8:97:Infinity":2,"b:97:60:97:73:97:73:97:87":3,"b:100:47:100:60:100:60:100:74":4},"fnNames":{}}}
,"C:\\Users\\Ashish Mishra\\OneDrive\\Desktop\\StadiumMind AI\\src\\features\\ai-copilot\\components\\QuickActions.tsx": {"path":"C:\\Users\\Ashish Mishra\\OneDrive\\Desktop\\StadiumMind AI\\src\\features\\ai-copilot\\components\\QuickActions.tsx","statementMap":{"0":{"start":{"line":20,"column":13},"end":{"line":85,"column":null}},"1":{"start":{"line":21,"column":18},"end":{"line":68,"column":null}},"2":{"start":{"line":70,"column":2},"end":{"line":83,"column":null}},"3":{"start":{"line":73,"column":8},"end":{"line":81,"column":null}},"4":{"start":{"line":75,"column":25},"end":{"line":75,"column":null}}},"fnMap":{"0":{"name":"(anonymous_0)","decl":{"start":{"line":20,"column":13},"end":{"line":20,"column":58}},"loc":{"start":{"line":20,"column":83},"end":{"line":85,"column":null}},"line":20},"1":{"name":"(anonymous_1)","decl":{"start":{"line":72,"column":15},"end":{"line":72,"column":20}},"loc":{"start":{"line":73,"column":8},"end":{"line":81,"column":null}},"line":73},"2":{"name":"(anonymous_2)","decl":{"start":{"line":75,"column":10},"end":{"line":75,"column":25}},"loc":{"start":{"line":75,"column":25},"end":{"line":75,"column":null}},"line":75}},"branchMap":{},"s":{"0":1,"1":1,"2":1,"3":10,"4":0},"f":{"0":1,"1":10,"2":0},"b":{},"meta":{"lastBranch":0,"lastFunction":3,"lastStatement":5,"seen":{"s:20:13:85:Infinity":0,"f:20:13:20:58":0,"s:21:18:68:Infinity":1,"s:70:2:83:Infinity":2,"f:72:15:72:20":1,"s:73:8:81:Infinity":3,"f:75:10:75:25":2,"s:75:25:75:Infinity":4},"fnNames":{}}}
,"C:\\Users\\Ashish Mishra\\OneDrive\\Desktop\\StadiumMind AI\\src\\features\\ai-copilot\\components\\SuggestedQuestions.tsx": {"path":"C:\\Users\\Ashish Mishra\\OneDrive\\Desktop\\StadiumMind AI\\src\\features\\ai-copilot\\components\\SuggestedQuestions.tsx","statementMap":{"0":{"start":{"line":8,"column":24},"end":{"line":21,"column":null}},"1":{"start":{"line":23,"column":13},"end":{"line":61,"column":null}},"2":{"start":{"line":24,"column":40},"end":{"line":24,"column":null}},"3":{"start":{"line":26,"column":2},"end":{"line":38,"column":null}},"4":{"start":{"line":28,"column":21},"end":{"line":28,"column":null}},"5":{"start":{"line":28,"column":53},"end":{"line":28,"column":72}},"6":{"start":{"line":29,"column":4},"end":{"line":29,"column":null}},"7":{"start":{"line":32,"column":21},"end":{"line":35,"column":null}},"8":{"start":{"line":33,"column":26},"end":{"line":33,"column":null}},"9":{"start":{"line":33,"column":58},"end":{"line":33,"column":77}},"10":{"start":{"line":34,"column":6},"end":{"line":34,"column":null}},"11":{"start":{"line":37,"column":4},"end":{"line":37,"column":null}},"12":{"start":{"line":37,"column":17},"end":{"line":37,"column":null}},"13":{"start":{"line":40,"column":2},"end":{"line":59,"column":null}},"14":{"start":{"line":48,"column":10},"end":{"line":56,"column":null}},"15":{"start":{"line":50,"column":27},"end":{"line":50,"column":null}}},"fnMap":{"0":{"name":"(anonymous_0)","decl":{"start":{"line":23,"column":13},"end":{"line":23,"column":70}},"loc":{"start":{"line":23,"column":97},"end":{"line":61,"column":null}},"line":23},"1":{"name":"(anonymous_1)","decl":{"start":{"line":26,"column":2},"end":{"line":26,"column":18}},"loc":{"start":{"line":26,"column":18},"end":{"line":38,"column":5}},"line":26},"2":{"name":"(anonymous_2)","decl":{"start":{"line":28,"column":42},"end":{"line":28,"column":53}},"loc":{"start":{"line":28,"column":53},"end":{"line":28,"column":72}},"line":28},"3":{"name":"(anonymous_3)","decl":{"start":{"line":32,"column":21},"end":{"line":32,"column":39}},"loc":{"start":{"line":32,"column":39},"end":{"line":35,"column":7}},"line":32},"4":{"name":"(anonymous_4)","decl":{"start":{"line":33,"column":47},"end":{"line":33,"column":58}},"loc":{"start":{"line":33,"column":58},"end":{"line":33,"column":77}},"line":33},"5":{"name":"(anonymous_5)","decl":{"start":{"line":37,"column":4},"end":{"line":37,"column":17}},"loc":{"start":{"line":37,"column":17},"end":{"line":37,"column":null}},"line":37},"6":{"name":"(anonymous_6)","decl":{"start":{"line":47,"column":21},"end":{"line":47,"column":26}},"loc":{"start":{"line":48,"column":10},"end":{"line":56,"column":null}},"line":48},"7":{"name":"(anonymous_7)","decl":{"start":{"line":50,"column":12},"end":{"line":50,"column":27}},"loc":{"start":{"line":50,"column":27},"end":{"line":50,"column":null}},"line":50}},"branchMap":{},"s":{"0":1,"1":1,"2":0,"3":0,"4":0,"5":0,"6":0,"7":0,"8":0,"9":0,"10":0,"11":0,"12":0,"13":0,"14":0,"15":0},"f":{"0":0,"1":0,"2":0,"3":0,"4":0,"5":0,"6":0,"7":0},"b":{},"meta":{"lastBranch":0,"lastFunction":8,"lastStatement":16,"seen":{"s:8:24:21:Infinity":0,"s:23:13:61:Infinity":1,"f:23:13:23:70":0,"s:24:40:24:Infinity":2,"s:26:2:38:Infinity":3,"f:26:2:26:18":1,"s:28:21:28:Infinity":4,"f:28:42:28:53":2,"s:28:53:28:72":5,"s:29:4:29:Infinity":6,"s:32:21:35:Infinity":7,"f:32:21:32:39":3,"s:33:26:33:Infinity":8,"f:33:47:33:58":4,"s:33:58:33:77":9,"s:34:6:34:Infinity":10,"s:37:4:37:Infinity":11,"f:37:4:37:17":5,"s:37:17:37:Infinity":12,"s:40:2:59:Infinity":13,"f:47:21:47:26":6,"s:48:10:56:Infinity":14,"f:50:12:50:27":7,"s:50:27:50:Infinity":15},"fnNames":{}}}
,"C:\\Users\\Ashish Mishra\\OneDrive\\Desktop\\StadiumMind AI\\src\\features\\ai-copilot\\prompts\\index.ts": {"path":"C:\\Users\\Ashish Mishra\\OneDrive\\Desktop\\StadiumMind AI\\src\\features\\ai-copilot\\prompts\\index.ts","statementMap":{"0":{"start":{"line":3,"column":64},"end":{"line":20,"column":null}}},"fnMap":{},"branchMap":{},"s":{"0":1},"f":{},"b":{},"meta":{"lastBranch":0,"lastFunction":0,"lastStatement":1,"seen":{"s:3:64:20:Infinity":0},"fnNames":{}}}
,"C:\\Users\\Ashish Mishra\\OneDrive\\Desktop\\StadiumMind AI\\src\\features\\ai-copilot\\prompts\\system-prompt.ts": {"path":"C:\\Users\\Ashish Mishra\\OneDrive\\Desktop\\StadiumMind AI\\src\\features\\ai-copilot\\prompts\\system-prompt.ts","statementMap":{"0":{"start":{"line":1,"column":29},"end":{"line":96,"column":1}}},"fnMap":{},"branchMap":{},"s":{"0":1},"f":{},"b":{},"meta":{"lastBranch":0,"lastFunction":0,"lastStatement":1,"seen":{"s:1:29:96:1":0},"fnNames":{}}}
,"C:\\Users\\Ashish Mishra\\OneDrive\\Desktop\\StadiumMind AI\\src\\features\\ai-copilot\\services\\context-compression.ts": {"path":"C:\\Users\\Ashish Mishra\\OneDrive\\Desktop\\StadiumMind AI\\src\\features\\ai-copilot\\services\\context-compression.ts","statementMap":{"0":{"start":{"line":4,"column":13},"end":{"line":63,"column":null}},"1":{"start":{"line":11,"column":29},"end":{"line":13,"column":null}},"2":{"start":{"line":12,"column":11},"end":{"line":12,"column":null}},"3":{"start":{"line":14,"column":22},"end":{"line":16,"column":null}},"4":{"start":{"line":15,"column":11},"end":{"line":15,"column":null}},"5":{"start":{"line":20,"column":4},"end":{"line":22,"column":null}},"6":{"start":{"line":25,"column":23},"end":{"line":25,"column":null}},"7":{"start":{"line":28,"column":29},"end":{"line":28,"column":null}},"8":{"start":{"line":30,"column":26},"end":{"line":39,"column":null}},"9":{"start":{"line":41,"column":2},"end":{"line":60,"column":null}},"10":{"start":{"line":42,"column":4},"end":{"line":42,"column":null}},"11":{"start":{"line":43,"column":4},"end":{"line":43,"column":null}},"12":{"start":{"line":44,"column":4},"end":{"line":44,"column":null}},"13":{"start":{"line":45,"column":4},"end":{"line":45,"column":null}},"14":{"start":{"line":46,"column":4},"end":{"line":47,"column":null}},"15":{"start":{"line":48,"column":4},"end":{"line":49,"column":null}},"16":{"start":{"line":50,"column":9},"end":{"line":60,"column":null}},"17":{"start":{"line":51,"column":4},"end":{"line":51,"column":null}},"18":{"start":{"line":52,"column":9},"end":{"line":60,"column":null}},"19":{"start":{"line":53,"column":4},"end":{"line":53,"column":null}},"20":{"start":{"line":54,"column":4},"end":{"line":54,"column":null}},"21":{"start":{"line":55,"column":9},"end":{"line":60,"column":null}},"22":{"start":{"line":56,"column":4},"end":{"line":57,"column":null}},"23":{"start":{"line":58,"column":9},"end":{"line":60,"column":null}},"24":{"start":{"line":62,"column":2},"end":{"line":62,"column":null}}},"fnMap":{"0":{"name":"(anonymous_0)","decl":{"start":{"line":4,"column":13},"end":{"line":4,"column":null}},"loc":{"start":{"line":7,"column":13},"end":{"line":63,"column":null}},"line":7},"1":{"name":"(anonymous_1)","decl":{"start":{"line":11,"column":47},"end":{"line":11,"column":null}},"loc":{"start":{"line":12,"column":11},"end":{"line":12,"column":null}},"line":12},"2":{"name":"(anonymous_2)","decl":{"start":{"line":14,"column":40},"end":{"line":14,"column":null}},"loc":{"start":{"line":15,"column":11},"end":{"line":15,"column":null}},"line":15}},"branchMap":{"0":{"loc":{"start":{"line":6,"column":2},"end":{"line":6,"column":null}},"type":"default-arg","locations":[{"start":{"line":6,"column":21},"end":{"line":6,"column":null}}],"line":6},"1":{"loc":{"start":{"line":12,"column":11},"end":{"line":12,"column":null}},"type":"binary-expr","locations":[{"start":{"line":12,"column":11},"end":{"line":12,"column":40}},{"start":{"line":12,"column":40},"end":{"line":12,"column":null}}],"line":12},"2":{"loc":{"start":{"line":15,"column":11},"end":{"line":15,"column":null}},"type":"binary-expr","locations":[{"start":{"line":15,"column":11},"end":{"line":15,"column":40}},{"start":{"line":15,"column":40},"end":{"line":15,"column":null}}],"line":15},"3":{"loc":{"start":{"line":20,"column":4},"end":{"line":22,"column":null}},"type":"cond-expr","locations":[{"start":{"line":21,"column":8},"end":{"line":21,"column":null}},{"start":{"line":22,"column":8},"end":{"line":22,"column":null}}],"line":20},"4":{"loc":{"start":{"line":34,"column":7},"end":{"line":34,"column":null}},"type":"binary-expr","locations":[{"start":{"line":34,"column":7},"end":{"line":34,"column":71}},{"start":{"line":34,"column":71},"end":{"line":34,"column":null}}],"line":34},"5":{"loc":{"start":{"line":41,"column":2},"end":{"line":60,"column":null}},"type":"if","locations":[{"start":{"line":41,"column":2},"end":{"line":60,"column":null}},{"start":{"line":50,"column":9},"end":{"line":60,"column":null}}],"line":41},"6":{"loc":{"start":{"line":41,"column":6},"end":{"line":41,"column":73}},"type":"binary-expr","locations":[{"start":{"line":41,"column":6},"end":{"line":41,"column":41}},{"start":{"line":41,"column":41},"end":{"line":41,"column":73}}],"line":41},"7":{"loc":{"start":{"line":43,"column":35},"end":{"line":43,"column":null}},"type":"binary-expr","locations":[{"start":{"line":43,"column":35},"end":{"line":43,"column":82}},{"start":{"line":43,"column":82},"end":{"line":43,"column":null}}],"line":43},"8":{"loc":{"start":{"line":44,"column":40},"end":{"line":44,"column":null}},"type":"binary-expr","locations":[{"start":{"line":44,"column":40},"end":{"line":44,"column":92}},{"start":{"line":44,"column":92},"end":{"line":44,"column":null}}],"line":44},"9":{"loc":{"start":{"line":45,"column":38},"end":{"line":45,"column":null}},"type":"binary-expr","locations":[{"start":{"line":45,"column":38},"end":{"line":45,"column":88}},{"start":{"line":45,"column":88},"end":{"line":45,"column":null}}],"line":45},"10":{"loc":{"start":{"line":47,"column":6},"end":{"line":47,"column":null}},"type":"binary-expr","locations":[{"start":{"line":47,"column":6},"end":{"line":47,"column":61}},{"start":{"line":47,"column":61},"end":{"line":47,"column":null}}],"line":47},"11":{"loc":{"start":{"line":49,"column":6},"end":{"line":49,"column":null}},"type":"binary-expr","locations":[{"start":{"line":49,"column":6},"end":{"line":49,"column":62}},{"start":{"line":49,"column":62},"end":{"line":49,"column":null}}],"line":49},"12":{"loc":{"start":{"line":50,"column":9},"end":{"line":60,"column":null}},"type":"if","locations":[{"start":{"line":50,"column":9},"end":{"line":60,"column":null}},{"start":{"line":52,"column":9},"end":{"line":60,"column":null}}],"line":50},"13":{"loc":{"start":{"line":51,"column":35},"end":{"line":51,"column":null}},"type":"binary-expr","locations":[{"start":{"line":51,"column":35},"end":{"line":51,"column":82}},{"start":{"line":51,"column":82},"end":{"line":51,"column":null}}],"line":51},"14":{"loc":{"start":{"line":52,"column":9},"end":{"line":60,"column":null}},"type":"if","locations":[{"start":{"line":52,"column":9},"end":{"line":60,"column":null}},{"start":{"line":55,"column":9},"end":{"line":60,"column":null}}],"line":52},"15":{"loc":{"start":{"line":53,"column":40},"end":{"line":53,"column":null}},"type":"binary-expr","locations":[{"start":{"line":53,"column":40},"end":{"line":53,"column":92}},{"start":{"line":53,"column":92},"end":{"line":53,"column":null}}],"line":53},"16":{"loc":{"start":{"line":54,"column":38},"end":{"line":54,"column":null}},"type":"binary-expr","locations":[{"start":{"line":54,"column":38},"end":{"line":54,"column":88}},{"start":{"line":54,"column":88},"end":{"line":54,"column":null}}],"line":54},"17":{"loc":{"start":{"line":55,"column":9},"end":{"line":60,"column":null}},"type":"if","locations":[{"start":{"line":55,"column":9},"end":{"line":60,"column":null}},{"start":{"line":58,"column":9},"end":{"line":60,"column":null}}],"line":55},"18":{"loc":{"start":{"line":57,"column":6},"end":{"line":57,"column":null}},"type":"binary-expr","locations":[{"start":{"line":57,"column":6},"end":{"line":57,"column":62}},{"start":{"line":57,"column":62},"end":{"line":57,"column":null}}],"line":57},"19":{"loc":{"start":{"line":58,"column":9},"end":{"line":60,"column":null}},"type":"if","locations":[{"start":{"line":58,"column":9},"end":{"line":60,"column":null}},{"start":{},"end":{}}],"line":58}},"s":{"0":2,"1":1,"2":0,"3":1,"4":0,"5":1,"6":1,"7":1,"8":1,"9":1,"10":0,"11":0,"12":0,"13":0,"14":0,"15":0,"16":1,"17":1,"18":0,"19":0,"20":0,"21":0,"22":0,"23":0,"24":1},"f":{"0":1,"1":0,"2":0},"b":{"0":[1],"1":[0,0],"2":[0,0],"3":[0,1],"4":[1,1],"5":[0,1],"6":[1,1],"7":[0,0],"8":[0,0],"9":[0,0],"10":[0,0],"11":[0,0],"12":[1,0],"13":[1,0],"14":[0,0],"15":[0,0],"16":[0,0],"17":[0,0],"18":[0,0],"19":[0,0]},"meta":{"lastBranch":20,"lastFunction":3,"lastStatement":25,"seen":{"s:4:13:63:Infinity":0,"f:4:13:4:Infinity":0,"b:6:21:6:Infinity":0,"s:11:29:13:Infinity":1,"f:11:47:11:Infinity":1,"s:12:11:12:Infinity":2,"b:12:11:12:40:12:40:12:Infinity":1,"s:14:22:16:Infinity":3,"f:14:40:14:Infinity":2,"s:15:11:15:Infinity":4,"b:15:11:15:40:15:40:15:Infinity":2,"s:20:4:22:Infinity":5,"b:21:8:21:Infinity:22:8:22:Infinity":3,"s:25:23:25:Infinity":6,"s:28:29:28:Infinity":7,"s:30:26:39:Infinity":8,"b:34:7:34:71:34:71:34:Infinity":4,"b:41:2:60:Infinity:50:9:60:Infinity":5,"s:41:2:60:Infinity":9,"b:41:6:41:41:41:41:41:73":6,"s:42:4:42:Infinity":10,"s:43:4:43:Infinity":11,"b:43:35:43:82:43:82:43:Infinity":7,"s:44:4:44:Infinity":12,"b:44:40:44:92:44:92:44:Infinity":8,"s:45:4:45:Infinity":13,"b:45:38:45:88:45:88:45:Infinity":9,"s:46:4:47:Infinity":14,"b:47:6:47:61:47:61:47:Infinity":10,"s:48:4:49:Infinity":15,"b:49:6:49:62:49:62:49:Infinity":11,"b:50:9:60:Infinity:52:9:60:Infinity":12,"s:50:9:60:Infinity":16,"s:51:4:51:Infinity":17,"b:51:35:51:82:51:82:51:Infinity":13,"b:52:9:60:Infinity:55:9:60:Infinity":14,"s:52:9:60:Infinity":18,"s:53:4:53:Infinity":19,"b:53:40:53:92:53:92:53:Infinity":15,"s:54:4:54:Infinity":20,"b:54:38:54:88:54:88:54:Infinity":16,"b:55:9:60:Infinity:58:9:60:Infinity":17,"s:55:9:60:Infinity":21,"s:56:4:57:Infinity":22,"b:57:6:57:62:57:62:57:Infinity":18,"b:58:9:60:Infinity:undefined:undefined:undefined:undefined":19,"s:58:9:60:Infinity":23,"s:62:2:62:Infinity":24},"fnNames":{}}}
,"C:\\Users\\Ashish Mishra\\OneDrive\\Desktop\\StadiumMind AI\\src\\features\\ai-copilot\\services\\gemini-service.ts": {"path":"C:\\Users\\Ashish Mishra\\OneDrive\\Desktop\\StadiumMind AI\\src\\features\\ai-copilot\\services\\gemini-service.ts","statementMap":{"0":{"start":{"line":3,"column":94},"end":{"line":3,"column":null}},"1":{"start":{"line":5,"column":25},"end":{"line":11,"column":null}},"2":{"start":{"line":18,"column":47},"end":{"line":18,"column":null}},"3":{"start":{"line":19,"column":82},"end":{"line":19,"column":null}},"4":{"start":{"line":20,"column":33},"end":{"line":20,"column":null}},"5":{"start":{"line":22,"column":22},"end":{"line":115,"column":null}},"6":{"start":{"line":23,"column":19},"end":{"line":23,"column":null}},"7":{"start":{"line":25,"column":2},"end":{"line":59,"column":null}},"8":{"start":{"line":26,"column":4},"end":{"line":58,"column":null}},"9":{"start":{"line":27,"column":23},"end":{"line":29,"column":null}},"10":{"start":{"line":30,"column":6},"end":{"line":55,"column":null}},"11":{"start":{"line":31,"column":21},"end":{"line":31,"column":null}},"12":{"start":{"line":32,"column":26},"end":{"line":32,"column":null}},"13":{"start":{"line":34,"column":8},"end":{"line":54,"column":null}},"14":{"start":{"line":35,"column":10},"end":{"line":35,"column":null}},"15":{"start":{"line":35,"column":74},"end":{"line":35,"column":null}},"16":{"start":{"line":37,"column":23},"end":{"line":37,"column":null}},"17":{"start":{"line":40,"column":10},"end":{"line":40,"column":null}},"18":{"start":{"line":40,"column":49},"end":{"line":40,"column":null}},"19":{"start":{"line":42,"column":10},"end":{"line":52,"column":null}},"20":{"start":{"line":51,"column":12},"end":{"line":51,"column":null}},"21":{"start":{"line":53,"column":10},"end":{"line":53,"column":null}},"22":{"start":{"line":57,"column":6},"end":{"line":57,"column":null}},"23":{"start":{"line":61,"column":8},"end":{"line":70,"column":null}},"24":{"start":{"line":62,"column":22},"end":{"line":62,"column":null}},"25":{"start":{"line":62,"column":51},"end":{"line":62,"column":71}},"26":{"start":{"line":63,"column":4},"end":{"line":68,"column":null}},"27":{"start":{"line":64,"column":6},"end":{"line":67,"column":null}},"28":{"start":{"line":69,"column":4},"end":{"line":69,"column":null}},"29":{"start":{"line":72,"column":2},"end":{"line":80,"column":null}},"30":{"start":{"line":73,"column":4},"end":{"line":73,"column":null}},"31":{"start":{"line":74,"column":4},"end":{"line":78,"column":null}},"32":{"start":{"line":82,"column":30},"end":{"line":82,"column":null}},"33":{"start":{"line":82,"column":58},"end":{"line":82,"column":64}},"34":{"start":{"line":83,"column":2},"end":{"line":85,"column":null}},"35":{"start":{"line":84,"column":4},"end":{"line":84,"column":null}},"36":{"start":{"line":87,"column":2},"end":{"line":98,"column":null}},"37":{"start":{"line":88,"column":4},"end":{"line":88,"column":null}},"38":{"start":{"line":88,"column":38},"end":{"line":88,"column":null}},"39":{"start":{"line":90,"column":4},"end":{"line":97,"column":null}},"40":{"start":{"line":91,"column":19},"end":{"line":91,"column":null}},"41":{"start":{"line":92,"column":6},"end":{"line":92,"column":null}},"42":{"start":{"line":93,"column":6},"end":{"line":93,"column":null}},"43":{"start":{"line":94,"column":11},"end":{"line":97,"column":null}},"44":{"start":{"line":95,"column":6},"end":{"line":95,"column":null}},"45":{"start":{"line":96,"column":6},"end":{"line":96,"column":null}},"46":{"start":{"line":101,"column":22},"end":{"line":103,"column":null}},"47":{"start":{"line":102,"column":11},"end":{"line":102,"column":null}},"48":{"start":{"line":104,"column":2},"end":{"line":109,"column":null}},"49":{"start":{"line":105,"column":4},"end":{"line":108,"column":null}},"50":{"start":{"line":113,"column":4},"end":{"line":113,"column":null}},"51":{"start":{"line":113,"column":33},"end":{"line":113,"column":58}},"52":{"start":{"line":114,"column":2},"end":{"line":114,"column":null}},"53":{"start":{"line":123,"column":32},"end":{"line":340,"column":null}},"54":{"start":{"line":128,"column":18},"end":{"line":128,"column":null}},"55":{"start":{"line":129,"column":20},"end":{"line":129,"column":null}},"56":{"start":{"line":131,"column":17},"end":{"line":131,"column":null}},"57":{"start":{"line":132,"column":2},"end":{"line":134,"column":null}},"58":{"start":{"line":133,"column":4},"end":{"line":133,"column":null}},"59":{"start":{"line":136,"column":2},"end":{"line":138,"column":null}},"60":{"start":{"line":137,"column":4},"end":{"line":137,"column":null}},"61":{"start":{"line":140,"column":16},"end":{"line":140,"column":null}},"62":{"start":{"line":141,"column":21},"end":{"line":141,"column":null}},"63":{"start":{"line":142,"column":44},"end":{"line":146,"column":null}},"64":{"start":{"line":148,"column":2},"end":{"line":337,"column":null}},"65":{"start":{"line":149,"column":4},"end":{"line":336,"column":null}},"66":{"start":{"line":150,"column":23},"end":{"line":153,"column":null}},"67":{"start":{"line":150,"column":52},"end":{"line":153,"column":8}},"68":{"start":{"line":154,"column":6},"end":{"line":154,"column":null}},"69":{"start":{"line":157,"column":8},"end":{"line":159,"column":null}},"70":{"start":{"line":161,"column":23},"end":{"line":172,"column":null}},"71":{"start":{"line":174,"column":6},"end":{"line":238,"column":null}},"72":{"start":{"line":175,"column":58},"end":{"line":175,"column":null}},"73":{"start":{"line":176,"column":8},"end":{"line":180,"column":null}},"74":{"start":{"line":177,"column":10},"end":{"line":177,"column":null}},"75":{"start":{"line":182,"column":29},"end":{"line":182,"column":null}},"76":{"start":{"line":184,"column":8},"end":{"line":192,"column":null}},"77":{"start":{"line":194,"column":8},"end":{"line":237,"column":null}},"78":{"start":{"line":195,"column":10},"end":{"line":195,"column":null}},"79":{"start":{"line":196,"column":15},"end":{"line":237,"column":null}},"80":{"start":{"line":197,"column":10},"end":{"line":197,"column":null}},"81":{"start":{"line":198,"column":15},"end":{"line":237,"column":null}},"82":{"start":{"line":199,"column":31},"end":{"line":199,"column":null}},"83":{"start":{"line":201,"column":10},"end":{"line":213,"column":null}},"84":{"start":{"line":202,"column":12},"end":{"line":202,"column":null}},"85":{"start":{"line":203,"column":12},"end":{"line":203,"column":null}},"86":{"start":{"line":206,"column":29},"end":{"line":206,"column":null}},"87":{"start":{"line":207,"column":12},"end":{"line":207,"column":null}},"88":{"start":{"line":208,"column":12},"end":{"line":210,"column":null}},"89":{"start":{"line":211,"column":12},"end":{"line":211,"column":null}},"90":{"start":{"line":212,"column":12},"end":{"line":212,"column":null}},"91":{"start":{"line":215,"column":10},"end":{"line":219,"column":null}},"92":{"start":{"line":216,"column":12},"end":{"line":216,"column":null}},"93":{"start":{"line":217,"column":12},"end":{"line":217,"column":null}},"94":{"start":{"line":218,"column":12},"end":{"line":218,"column":null}},"95":{"start":{"line":221,"column":10},"end":{"line":221,"column":null}},"96":{"start":{"line":222,"column":10},"end":{"line":222,"column":null}},"97":{"start":{"line":224,"column":27},"end":{"line":224,"column":null}},"98":{"start":{"line":225,"column":10},"end":{"line":225,"column":null}},"99":{"start":{"line":226,"column":10},"end":{"line":228,"column":null}},"100":{"start":{"line":229,"column":10},"end":{"line":229,"column":null}},"101":{"start":{"line":230,"column":10},"end":{"line":230,"column":null}},"102":{"start":{"line":231,"column":15},"end":{"line":237,"column":null}},"103":{"start":{"line":232,"column":10},"end":{"line":232,"column":null}},"104":{"start":{"line":233,"column":15},"end":{"line":237,"column":null}},"105":{"start":{"line":234,"column":10},"end":{"line":234,"column":null}},"106":{"start":{"line":236,"column":10},"end":{"line":236,"column":null}},"107":{"start":{"line":240,"column":21},"end":{"line":240,"column":null}},"108":{"start":{"line":242,"column":6},"end":{"line":288,"column":null}},"109":{"start":{"line":243,"column":21},"end":{"line":243,"column":null}},"110":{"start":{"line":244,"column":8},"end":{"line":249,"column":null}},"111":{"start":{"line":245,"column":10},"end":{"line":245,"column":null}},"112":{"start":{"line":246,"column":10},"end":{"line":246,"column":null}},"113":{"start":{"line":248,"column":10},"end":{"line":248,"column":null}},"114":{"start":{"line":251,"column":8},"end":{"line":253,"column":null}},"115":{"start":{"line":252,"column":10},"end":{"line":252,"column":null}},"116":{"start":{"line":255,"column":23},"end":{"line":255,"column":null}},"117":{"start":{"line":256,"column":24},"end":{"line":256,"column":null}},"118":{"start":{"line":257,"column":21},"end":{"line":257,"column":null}},"119":{"start":{"line":259,"column":8},"end":{"line":287,"column":null}},"120":{"start":{"line":260,"column":10},"end":{"line":284,"column":null}},"121":{"start":{"line":261,"column":36},"end":{"line":261,"column":null}},"122":{"start":{"line":262,"column":12},"end":{"line":262,"column":null}},"123":{"start":{"line":262,"column":22},"end":{"line":262,"column":null}},"124":{"start":{"line":264,"column":12},"end":{"line":264,"column":null}},"125":{"start":{"line":265,"column":26},"end":{"line":265,"column":null}},"126":{"start":{"line":266,"column":12},"end":{"line":266,"column":null}},"127":{"start":{"line":268,"column":12},"end":{"line":283,"column":null}},"128":{"start":{"line":269,"column":14},"end":{"line":282,"column":null}},"129":{"start":{"line":270,"column":32},"end":{"line":270,"column":null}},"130":{"start":{"line":271,"column":16},"end":{"line":271,"column":null}},"131":{"start":{"line":271,"column":30},"end":{"line":271,"column":null}},"132":{"start":{"line":272,"column":16},"end":{"line":281,"column":null}},"133":{"start":{"line":273,"column":31},"end":{"line":273,"column":null}},"134":{"start":{"line":274,"column":18},"end":{"line":278,"column":null}},"135":{"start":{"line":275,"column":38},"end":{"line":275,"column":null}},"136":{"start":{"line":276,"column":20},"end":{"line":276,"column":null}},"137":{"start":{"line":277,"column":20},"end":{"line":277,"column":null}},"138":{"start":{"line":286,"column":10},"end":{"line":286,"column":null}},"139":{"start":{"line":290,"column":6},"end":{"line":298,"column":null}},"140":{"start":{"line":300,"column":6},"end":{"line":300,"column":null}},"141":{"start":{"line":302,"column":6},"end":{"line":325,"column":null}},"142":{"start":{"line":303,"column":8},"end":{"line":305,"column":null}},"143":{"start":{"line":304,"column":10},"end":{"line":304,"column":null}},"144":{"start":{"line":307,"column":8},"end":{"line":317,"column":null}},"145":{"start":{"line":315,"column":10},"end":{"line":315,"column":null}},"146":{"start":{"line":316,"column":10},"end":{"line":316,"column":null}},"147":{"start":{"line":319,"column":8},"end":{"line":324,"column":null}},"148":{"start":{"line":327,"column":6},"end":{"line":327,"column":null}},"149":{"start":{"line":329,"column":6},"end":{"line":333,"column":null}},"150":{"start":{"line":330,"column":20},"end":{"line":330,"column":null}},"151":{"start":{"line":331,"column":8},"end":{"line":331,"column":null}},"152":{"start":{"line":332,"column":8},"end":{"line":332,"column":null}},"153":{"start":{"line":335,"column":6},"end":{"line":335,"column":null}},"154":{"start":{"line":335,"column":33},"end":{"line":335,"column":77}},"155":{"start":{"line":339,"column":2},"end":{"line":339,"column":null}},"156":{"start":{"line":342,"column":26},"end":{"line":359,"column":null}},"157":{"start":{"line":343,"column":39},"end":{"line":347,"column":null}},"158":{"start":{"line":350,"column":26},"end":{"line":350,"column":null}},"159":{"start":{"line":351,"column":23},"end":{"line":351,"column":null}},"160":{"start":{"line":353,"column":15},"end":{"line":353,"column":null}},"161":{"start":{"line":354,"column":2},"end":{"line":356,"column":null}},"162":{"start":{"line":355,"column":4},"end":{"line":355,"column":null}},"163":{"start":{"line":358,"column":2},"end":{"line":358,"column":null}},"164":{"start":{"line":363,"column":6},"end":{"line":369,"column":null}},"165":{"start":{"line":364,"column":2},"end":{"line":368,"column":null}},"166":{"start":{"line":371,"column":6},"end":{"line":382,"column":null}},"167":{"start":{"line":372,"column":2},"end":{"line":381,"column":null}}},"fnMap":{"0":{"name":"(anonymous_0)","decl":{"start":{"line":3,"column":94},"end":{"line":3,"column":null}},"loc":{"start":{"line":3,"column":94},"end":{"line":3,"column":null}},"line":3},"1":{"name":"(anonymous_1)","decl":{"start":{"line":22,"column":22},"end":{"line":22,"column":29}},"loc":{"start":{"line":22,"column":74},"end":{"line":115,"column":null}},"line":22},"2":{"name":"(anonymous_2)","decl":{"start":{"line":34,"column":37},"end":{"line":34,"column":45}},"loc":{"start":{"line":34,"column":108},"end":{"line":54,"column":9}},"line":34},"3":{"name":"(anonymous_3)","decl":{"start":{"line":61,"column":8},"end":{"line":61,"column":25}},"loc":{"start":{"line":61,"column":71},"end":{"line":70,"column":null}},"line":61},"4":{"name":"(anonymous_4)","decl":{"start":{"line":62,"column":39},"end":{"line":62,"column":45}},"loc":{"start":{"line":62,"column":51},"end":{"line":62,"column":71}},"line":62},"5":{"name":"(anonymous_5)","decl":{"start":{"line":82,"column":47},"end":{"line":82,"column":52}},"loc":{"start":{"line":82,"column":58},"end":{"line":82,"column":64}},"line":82},"6":{"name":"(anonymous_6)","decl":{"start":{"line":101,"column":39},"end":{"line":101,"column":null}},"loc":{"start":{"line":102,"column":11},"end":{"line":102,"column":null}},"line":102},"7":{"name":"(anonymous_7)","decl":{"start":{"line":113,"column":21},"end":{"line":113,"column":27}},"loc":{"start":{"line":113,"column":33},"end":{"line":113,"column":58}},"line":113},"8":{"name":"(anonymous_8)","decl":{"start":{"line":123,"column":32},"end":{"line":123,"column":null}},"loc":{"start":{"line":127,"column":22},"end":{"line":340,"column":null}},"line":127},"9":{"name":"(anonymous_9)","decl":{"start":{"line":150,"column":40},"end":{"line":150,"column":45}},"loc":{"start":{"line":150,"column":52},"end":{"line":153,"column":8}},"line":150},"10":{"name":"(anonymous_10)","decl":{"start":{"line":335,"column":16},"end":{"line":335,"column":25}},"loc":{"start":{"line":335,"column":33},"end":{"line":335,"column":77}},"line":335},"11":{"name":"(anonymous_11)","decl":{"start":{"line":342,"column":26},"end":{"line":342,"column":33}},"loc":{"start":{"line":342,"column":91},"end":{"line":359,"column":null}},"line":342},"12":{"name":"(anonymous_12)","decl":{"start":{"line":354,"column":34},"end":{"line":354,"column":49}},"loc":{"start":{"line":354,"column":59},"end":{"line":356,"column":3}},"line":354},"13":{"name":"(anonymous_13)","decl":{"start":{"line":363,"column":6},"end":{"line":363,"column":20}},"loc":{"start":{"line":363,"column":46},"end":{"line":369,"column":null}},"line":363},"14":{"name":"(anonymous_14)","decl":{"start":{"line":371,"column":6},"end":{"line":371,"column":25}},"loc":{"start":{"line":371,"column":98},"end":{"line":382,"column":null}},"line":371}},"branchMap":{"0":{"loc":{"start":{"line":25,"column":2},"end":{"line":59,"column":null}},"type":"if","locations":[{"start":{"line":25,"column":2},"end":{"line":59,"column":null}},{"start":{},"end":{}}],"line":25},"1":{"loc":{"start":{"line":30,"column":6},"end":{"line":55,"column":null}},"type":"if","locations":[{"start":{"line":30,"column":6},"end":{"line":55,"column":null}},{"start":{},"end":{}}],"line":30},"2":{"loc":{"start":{"line":32,"column":26},"end":{"line":32,"column":null}},"type":"binary-expr","locations":[{"start":{"line":32,"column":26},"end":{"line":32,"column":41}},{"start":{"line":32,"column":41},"end":{"line":32,"column":null}}],"line":32},"3":{"loc":{"start":{"line":35,"column":10},"end":{"line":35,"column":null}},"type":"if","locations":[{"start":{"line":35,"column":10},"end":{"line":35,"column":null}},{"start":{},"end":{}}],"line":35},"4":{"loc":{"start":{"line":40,"column":10},"end":{"line":40,"column":null}},"type":"if","locations":[{"start":{"line":40,"column":10},"end":{"line":40,"column":null}},{"start":{},"end":{}}],"line":40},"5":{"loc":{"start":{"line":42,"column":10},"end":{"line":52,"column":null}},"type":"if","locations":[{"start":{"line":42,"column":10},"end":{"line":52,"column":null}},{"start":{},"end":{}}],"line":42},"6":{"loc":{"start":{"line":43,"column":12},"end":{"line":49,"column":null}},"type":"binary-expr","locations":[{"start":{"line":43,"column":12},"end":{"line":43,"column":null}},{"start":{"line":44,"column":12},"end":{"line":44,"column":null}},{"start":{"line":45,"column":12},"end":{"line":45,"column":null}},{"start":{"line":46,"column":12},"end":{"line":46,"column":null}},{"start":{"line":47,"column":12},"end":{"line":47,"column":null}},{"start":{"line":48,"column":12},"end":{"line":48,"column":null}},{"start":{"line":49,"column":12},"end":{"line":49,"column":null}}],"line":43},"7":{"loc":{"start":{"line":63,"column":4},"end":{"line":68,"column":null}},"type":"if","locations":[{"start":{"line":63,"column":4},"end":{"line":68,"column":null}},{"start":{},"end":{}}],"line":63},"8":{"loc":{"start":{"line":66,"column":26},"end":{"line":66,"column":null}},"type":"binary-expr","locations":[{"start":{"line":66,"column":26},"end":{"line":66,"column":66}},{"start":{"line":66,"column":66},"end":{"line":66,"column":null}}],"line":66},"9":{"loc":{"start":{"line":72,"column":2},"end":{"line":80,"column":null}},"type":"if","locations":[{"start":{"line":72,"column":2},"end":{"line":80,"column":null}},{"start":{},"end":{}}],"line":72},"10":{"loc":{"start":{"line":72,"column":6},"end":{"line":72,"column":52}},"type":"binary-expr","locations":[{"start":{"line":72,"column":6},"end":{"line":72,"column":18}},{"start":{"line":72,"column":18},"end":{"line":72,"column":52}}],"line":72},"11":{"loc":{"start":{"line":75,"column":6},"end":{"line":78,"column":null}},"type":"binary-expr","locations":[{"start":{"line":75,"column":6},"end":{"line":75,"column":33}},{"start":{"line":75,"column":33},"end":{"line":78,"column":null}}],"line":75},"12":{"loc":{"start":{"line":83,"column":2},"end":{"line":85,"column":null}},"type":"if","locations":[{"start":{"line":83,"column":2},"end":{"line":85,"column":null}},{"start":{},"end":{}}],"line":83},"13":{"loc":{"start":{"line":88,"column":4},"end":{"line":88,"column":null}},"type":"if","locations":[{"start":{"line":88,"column":4},"end":{"line":88,"column":null}},{"start":{},"end":{}}],"line":88},"14":{"loc":{"start":{"line":90,"column":4},"end":{"line":97,"column":null}},"type":"if","locations":[{"start":{"line":90,"column":4},"end":{"line":97,"column":null}},{"start":{"line":94,"column":11},"end":{"line":97,"column":null}}],"line":90},"15":{"loc":{"start":{"line":94,"column":11},"end":{"line":97,"column":null}},"type":"if","locations":[{"start":{"line":94,"column":11},"end":{"line":97,"column":null}},{"start":{},"end":{}}],"line":94},"16":{"loc":{"start":{"line":102,"column":11},"end":{"line":102,"column":null}},"type":"binary-expr","locations":[{"start":{"line":102,"column":11},"end":{"line":102,"column":39}},{"start":{"line":102,"column":39},"end":{"line":102,"column":null}}],"line":102},"17":{"loc":{"start":{"line":104,"column":2},"end":{"line":109,"column":null}},"type":"if","locations":[{"start":{"line":104,"column":2},"end":{"line":109,"column":null}},{"start":{},"end":{}}],"line":104},"18":{"loc":{"start":{"line":107,"column":24},"end":{"line":107,"column":null}},"type":"binary-expr","locations":[{"start":{"line":107,"column":24},"end":{"line":107,"column":66}},{"start":{"line":107,"column":66},"end":{"line":107,"column":null}}],"line":107},"19":{"loc":{"start":{"line":113,"column":4},"end":{"line":113,"column":null}},"type":"binary-expr","locations":[{"start":{"line":113,"column":4},"end":{"line":113,"column":63}},{"start":{"line":113,"column":63},"end":{"line":113,"column":null}}],"line":113},"20":{"loc":{"start":{"line":132,"column":2},"end":{"line":134,"column":null}},"type":"if","locations":[{"start":{"line":132,"column":2},"end":{"line":134,"column":null}},{"start":{},"end":{}}],"line":132},"21":{"loc":{"start":{"line":136,"column":2},"end":{"line":138,"column":null}},"type":"if","locations":[{"start":{"line":136,"column":2},"end":{"line":138,"column":null}},{"start":{},"end":{}}],"line":136},"22":{"loc":{"start":{"line":142,"column":44},"end":{"line":146,"column":null}},"type":"cond-expr","locations":[{"start":{"line":145,"column":6},"end":{"line":145,"column":null}},{"start":{"line":146,"column":6},"end":{"line":146,"column":null}}],"line":142},"23":{"loc":{"start":{"line":157,"column":8},"end":{"line":159,"column":null}},"type":"cond-expr","locations":[{"start":{"line":158,"column":12},"end":{"line":158,"column":null}},{"start":{"line":159,"column":12},"end":{"line":159,"column":null}}],"line":157},"24":{"loc":{"start":{"line":174,"column":6},"end":{"line":238,"column":null}},"type":"if","locations":[{"start":{"line":174,"column":6},"end":{"line":238,"column":null}},{"start":{},"end":{}}],"line":174},"25":{"loc":{"start":{"line":182,"column":29},"end":{"line":182,"column":null}},"type":"binary-expr","locations":[{"start":{"line":182,"column":29},"end":{"line":182,"column":58}},{"start":{"line":182,"column":58},"end":{"line":182,"column":null}}],"line":182},"26":{"loc":{"start":{"line":194,"column":8},"end":{"line":237,"column":null}},"type":"if","locations":[{"start":{"line":194,"column":8},"end":{"line":237,"column":null}},{"start":{"line":196,"column":15},"end":{"line":237,"column":null}}],"line":194},"27":{"loc":{"start":{"line":196,"column":15},"end":{"line":237,"column":null}},"type":"if","locations":[{"start":{"line":196,"column":15},"end":{"line":237,"column":null}},{"start":{"line":198,"column":15},"end":{"line":237,"column":null}}],"line":196},"28":{"loc":{"start":{"line":198,"column":15},"end":{"line":237,"column":null}},"type":"if","locations":[{"start":{"line":198,"column":15},"end":{"line":237,"column":null}},{"start":{"line":231,"column":15},"end":{"line":237,"column":null}}],"line":198},"29":{"loc":{"start":{"line":201,"column":10},"end":{"line":213,"column":null}},"type":"if","locations":[{"start":{"line":201,"column":10},"end":{"line":213,"column":null}},{"start":{},"end":{}}],"line":201},"30":{"loc":{"start":{"line":208,"column":27},"end":{"line":210,"column":null}},"type":"cond-expr","locations":[{"start":{"line":209,"column":16},"end":{"line":209,"column":null}},{"start":{"line":210,"column":16},"end":{"line":210,"column":null}}],"line":208},"31":{"loc":{"start":{"line":215,"column":10},"end":{"line":219,"column":null}},"type":"if","locations":[{"start":{"line":215,"column":10},"end":{"line":219,"column":null}},{"start":{},"end":{}}],"line":215},"32":{"loc":{"start":{"line":226,"column":25},"end":{"line":228,"column":null}},"type":"cond-expr","locations":[{"start":{"line":227,"column":14},"end":{"line":227,"column":null}},{"start":{"line":228,"column":14},"end":{"line":228,"column":null}}],"line":226},"33":{"loc":{"start":{"line":231,"column":15},"end":{"line":237,"column":null}},"type":"if","locations":[{"start":{"line":231,"column":15},"end":{"line":237,"column":null}},{"start":{"line":233,"column":15},"end":{"line":237,"column":null}}],"line":231},"34":{"loc":{"start":{"line":233,"column":15},"end":{"line":237,"column":null}},"type":"if","locations":[{"start":{"line":233,"column":15},"end":{"line":237,"column":null}},{"start":{"line":235,"column":15},"end":{"line":237,"column":null}}],"line":233},"35":{"loc":{"start":{"line":242,"column":6},"end":{"line":288,"column":null}},"type":"if","locations":[{"start":{"line":242,"column":6},"end":{"line":288,"column":null}},{"start":{"line":250,"column":13},"end":{"line":288,"column":null}}],"line":242},"36":{"loc":{"start":{"line":244,"column":8},"end":{"line":249,"column":null}},"type":"if","locations":[{"start":{"line":244,"column":8},"end":{"line":249,"column":null}},{"start":{"line":247,"column":15},"end":{"line":249,"column":null}}],"line":244},"37":{"loc":{"start":{"line":244,"column":12},"end":{"line":244,"column":59}},"type":"binary-expr","locations":[{"start":{"line":244,"column":12},"end":{"line":244,"column":31}},{"start":{"line":244,"column":31},"end":{"line":244,"column":59}}],"line":244},"38":{"loc":{"start":{"line":245,"column":21},"end":{"line":245,"column":null}},"type":"binary-expr","locations":[{"start":{"line":245,"column":21},"end":{"line":245,"column":69}},{"start":{"line":245,"column":69},"end":{"line":245,"column":null}}],"line":245},"39":{"loc":{"start":{"line":251,"column":8},"end":{"line":253,"column":null}},"type":"if","locations":[{"start":{"line":251,"column":8},"end":{"line":253,"column":null}},{"start":{},"end":{}}],"line":251},"40":{"loc":{"start":{"line":262,"column":12},"end":{"line":262,"column":null}},"type":"if","locations":[{"start":{"line":262,"column":12},"end":{"line":262,"column":null}},{"start":{},"end":{}}],"line":262},"41":{"loc":{"start":{"line":266,"column":21},"end":{"line":266,"column":null}},"type":"binary-expr","locations":[{"start":{"line":266,"column":21},"end":{"line":266,"column":36}},{"start":{"line":266,"column":36},"end":{"line":266,"column":null}}],"line":266},"42":{"loc":{"start":{"line":269,"column":14},"end":{"line":282,"column":null}},"type":"if","locations":[{"start":{"line":269,"column":14},"end":{"line":282,"column":null}},{"start":{},"end":{}}],"line":269},"43":{"loc":{"start":{"line":271,"column":16},"end":{"line":271,"column":null}},"type":"if","locations":[{"start":{"line":271,"column":16},"end":{"line":271,"column":null}},{"start":{},"end":{}}],"line":271},"44":{"loc":{"start":{"line":274,"column":18},"end":{"line":278,"column":null}},"type":"if","locations":[{"start":{"line":274,"column":18},"end":{"line":278,"column":null}},{"start":{},"end":{}}],"line":274},"45":{"loc":{"start":{"line":274,"column":22},"end":{"line":274,"column":69}},"type":"binary-expr","locations":[{"start":{"line":274,"column":22},"end":{"line":274,"column":41}},{"start":{"line":274,"column":41},"end":{"line":274,"column":69}}],"line":274},"46":{"loc":{"start":{"line":275,"column":38},"end":{"line":275,"column":null}},"type":"binary-expr","locations":[{"start":{"line":275,"column":38},"end":{"line":275,"column":86}},{"start":{"line":275,"column":86},"end":{"line":275,"column":null}}],"line":275},"47":{"loc":{"start":{"line":302,"column":6},"end":{"line":325,"column":null}},"type":"if","locations":[{"start":{"line":302,"column":6},"end":{"line":325,"column":null}},{"start":{},"end":{}}],"line":302},"48":{"loc":{"start":{"line":303,"column":8},"end":{"line":305,"column":null}},"type":"if","locations":[{"start":{"line":303,"column":8},"end":{"line":305,"column":null}},{"start":{},"end":{}}],"line":303},"49":{"loc":{"start":{"line":307,"column":8},"end":{"line":317,"column":null}},"type":"if","locations":[{"start":{"line":307,"column":8},"end":{"line":317,"column":null}},{"start":{},"end":{}}],"line":307},"50":{"loc":{"start":{"line":308,"column":10},"end":{"line":313,"column":null}},"type":"binary-expr","locations":[{"start":{"line":308,"column":10},"end":{"line":308,"column":null}},{"start":{"line":309,"column":10},"end":{"line":309,"column":null}},{"start":{"line":310,"column":10},"end":{"line":310,"column":null}},{"start":{"line":311,"column":10},"end":{"line":311,"column":null}},{"start":{"line":312,"column":10},"end":{"line":312,"column":null}},{"start":{"line":313,"column":10},"end":{"line":313,"column":null}}],"line":308},"51":{"loc":{"start":{"line":329,"column":6},"end":{"line":333,"column":null}},"type":"if","locations":[{"start":{"line":329,"column":6},"end":{"line":333,"column":null}},{"start":{},"end":{}}],"line":329},"52":{"loc":{"start":{"line":330,"column":20},"end":{"line":330,"column":null}},"type":"cond-expr","locations":[{"start":{"line":330,"column":45},"end":{"line":330,"column":61}},{"start":{"line":330,"column":61},"end":{"line":330,"column":null}}],"line":330},"53":{"loc":{"start":{"line":351,"column":23},"end":{"line":351,"column":null}},"type":"binary-expr","locations":[{"start":{"line":351,"column":23},"end":{"line":351,"column":33}},{"start":{"line":351,"column":33},"end":{"line":351,"column":null}}],"line":351},"54":{"loc":{"start":{"line":366,"column":27},"end":{"line":366,"column":null}},"type":"cond-expr","locations":[{"start":{"line":366,"column":46},"end":{"line":366,"column":60}},{"start":{"line":366,"column":60},"end":{"line":366,"column":null}}],"line":366}},"s":{"0":1,"1":2,"2":2,"3":2,"4":2,"5":2,"6":1,"7":1,"8":1,"9":1,"10":1,"11":1,"12":1,"13":1,"14":1,"15":0,"16":1,"17":1,"18":1,"19":0,"20":0,"21":0,"22":0,"23":1,"24":1,"25":1,"26":1,"27":1,"28":0,"29":1,"30":0,"31":0,"32":1,"33":1,"34":1,"35":1,"36":1,"37":1,"38":0,"39":1,"40":1,"41":1,"42":1,"43":0,"44":0,"45":0,"46":0,"47":0,"48":0,"49":0,"50":0,"51":0,"52":1,"53":2,"54":2,"55":2,"56":2,"57":2,"58":1,"59":1,"60":1,"61":1,"62":1,"63":1,"64":2,"65":1,"66":1,"67":0,"68":1,"69":1,"70":1,"71":1,"72":0,"73":0,"74":0,"75":0,"76":0,"77":0,"78":0,"79":0,"80":0,"81":0,"82":0,"83":0,"84":0,"85":0,"86":0,"87":0,"88":0,"89":0,"90":0,"91":0,"92":0,"93":0,"94":0,"95":0,"96":0,"97":0,"98":0,"99":0,"100":0,"101":0,"102":0,"103":0,"104":0,"105":0,"106":0,"107":1,"108":1,"109":0,"110":0,"111":0,"112":0,"113":0,"114":1,"115":0,"116":1,"117":1,"118":1,"119":1,"120":1,"121":1,"122":1,"123":1,"124":0,"125":0,"126":0,"127":1,"128":0,"129":0,"130":0,"131":0,"132":0,"133":0,"134":0,"135":0,"136":0,"137":0,"138":1,"139":1,"140":1,"141":0,"142":0,"143":0,"144":0,"145":0,"146":0,"147":0,"148":0,"149":0,"150":0,"151":0,"152":0,"153":0,"154":0,"155":0,"156":2,"157":0,"158":0,"159":0,"160":0,"161":0,"162":0,"163":0,"164":2,"165":1,"166":2,"167":0},"f":{"0":1,"1":1,"2":1,"3":1,"4":1,"5":1,"6":0,"7":0,"8":2,"9":0,"10":0,"11":0,"12":0,"13":1,"14":0},"b":{"0":[1,0],"1":[1,0],"2":[1,0],"3":[0,1],"4":[1,0],"5":[0,0],"6":[0,0,0,0,0,0,0],"7":[1,0],"8":[1,0],"9":[0,1],"10":[1,0],"11":[0,0],"12":[1,0],"13":[0,1],"14":[1,0],"15":[0,0],"16":[0,0],"17":[0,0],"18":[0,0],"19":[0,0],"20":[1,1],"21":[1,0],"22":[1,0],"23":[1,0],"24":[0,1],"25":[0,0],"26":[0,0],"27":[0,0],"28":[0,0],"29":[0,0],"30":[0,0],"31":[0,0],"32":[0,0],"33":[0,0],"34":[0,0],"35":[0,1],"36":[0,0],"37":[0,0],"38":[0,0],"39":[0,1],"40":[1,0],"41":[0,0],"42":[0,0],"43":[0,0],"44":[0,0],"45":[0,0],"46":[0,0],"47":[0,0],"48":[0,0],"49":[0,0],"50":[0,0,0,0,0,0],"51":[0,0],"52":[0,0],"53":[0,0],"54":[0,1]},"meta":{"lastBranch":55,"lastFunction":15,"lastStatement":168,"seen":{"s:3:94:3:Infinity":0,"f:3:94:3:Infinity":0,"s:5:25:11:Infinity":1,"s:18:47:18:Infinity":2,"s:19:82:19:Infinity":3,"s:20:33:20:Infinity":4,"s:22:22:115:Infinity":5,"f:22:22:22:29":1,"s:23:19:23:Infinity":6,"b:25:2:59:Infinity:undefined:undefined:undefined:undefined":0,"s:25:2:59:Infinity":7,"s:26:4:58:Infinity":8,"s:27:23:29:Infinity":9,"b:30:6:55:Infinity:undefined:undefined:undefined:undefined":1,"s:30:6:55:Infinity":10,"s:31:21:31:Infinity":11,"s:32:26:32:Infinity":12,"b:32:26:32:41:32:41:32:Infinity":2,"s:34:8:54:Infinity":13,"f:34:37:34:45":2,"b:35:10:35:Infinity:undefined:undefined:undefined:undefined":3,"s:35:10:35:Infinity":14,"s:35:74:35:Infinity":15,"s:37:23:37:Infinity":16,"b:40:10:40:Infinity:undefined:undefined:undefined:undefined":4,"s:40:10:40:Infinity":17,"s:40:49:40:Infinit
[...]
:16:4:19:Infinity":6,"s:17:6:17:Infinity":7,"s:18:6:18:Infinity":8,"f:22:2:22:10":3,"s:23:4:23:Infinity":9,"s:24:18:24:Infinity":10,"s:25:18:25:Infinity":11,"b:27:4:27:Infinity:undefined:undefined:undefined:undefined":2,"s:27:4:27:Infinity":12,"s:27:26:27:Infinity":13,"s:29:4:29:Infinity":14,"s:30:4:30:Infinity":15,"s:31:4:31:Infinity":16,"s:32:4:32:Infinity":17,"s:33:4:33:Infinity":18,"s:34:4:34:Infinity":19,"f:37:2:37:10":4,"s:38:21:38:Infinity":20,"s:40:4:67:Infinity":21,"f:40:26:40:35":5,"s:41:19:41:Infinity":22,"s:43:19:43:Infinity":23,"s:44:23:44:Infinity":24,"s:47:24:47:Infinity":25,"b:48:6:52:Infinity:50:13:52:Infinity":3,"s:48:6:52:Infinity":26,"s:49:8:49:Infinity":27,"b:50:13:52:Infinity:undefined:undefined:undefined:undefined":4,"s:50:13:52:Infinity":28,"s:51:8:51:Infinity":29,"s:54:25:57:Infinity":30,"s:59:6:66:Infinity":31,"b:64:34:64:44:64:44:64:Infinity":5,"b:64:62:64:74:64:74:64:Infinity":6,"b:65:36:65:49:65:49:65:Infinity":7,"b:65:67:65:76:65:76:65:Infinity":8,"s:69:4:69:Infinity":32,"f:72:2:72:10":6,"s:73:21:73:Infinity":33,"s:75:4:94:Infinity":34,"f:75:26:75:35":7,"s:76:19:76:Infinity":35,"s:77:19:77:Infinity":36,"s:80:29:83:Infinity":37,"s:84:23:84:Infinity":38,"s:86:6:93:Infinity":39,"b:91:32:91:44:91:44:91:Infinity":9,"b:92:34:92:43:92:43:92:Infinity":10,"b:92:59:92:70:92:70:92:Infinity":11,"s:96:4:96:Infinity":40,"f:99:2:99:10":8,"s:100:25:100:Infinity":41,"s:102:4:117:Infinity":42,"f:102:30:102:39":9,"s:103:16:103:Infinity":43,"s:104:19:104:Infinity":44,"s:106:27:109:Infinity":45,"s:111:6:116:Infinity":46,"b:115:36:115:46:115:46:115:Infinity":12,"b:115:66:115:78:115:78:115:Infinity":13,"s:119:4:119:Infinity":47,"f:122:2:122:10":10,"b:126:4:126:Infinity:undefined:undefined:undefined:undefined":14,"s:126:4:126:Infinity":48,"s:126:28:126:Infinity":49,"s:127:16:127:Infinity":50,"s:130:10:130:Infinity":51,"s:131:10:131:Infinity":52,"s:133:4:138:Infinity":53,"f:141:2:141:10":11,"b:142:4:142:Infinity:undefined:undefined:undefined:undefined":15,"s:142:4:142:Infinity":54,"s:142:26:142:Infinity":55,"s:143:16:143:Infinity":56,"s:146:24:146:Infinity":57,"s:147:19:147:Infinity":58,"s:149:4:157:Infinity":59,"b:156:39:156:51:156:51:156:Infinity":16,"f:160:2:160:10":12,"s:161:14:161:Infinity":60,"s:164:21:164:Infinity":61,"s:165:20:165:Infinity":62,"b:167:4:167:Infinity:undefined:undefined:undefined:undefined":17,"s:167:4:167:Infinity":63,"b:167:8:167:27:167:27:167:46:167:46:167:71":18,"s:167:71:167:Infinity":64,"b:168:4:168:Infinity:undefined:undefined:undefined:undefined":19,"s:168:4:168:Infinity":65,"b:168:8:168:28:168:28:168:47:168:47:168:73":20,"s:168:73:168:Infinity":66,"b:169:4:169:Infinity:undefined:undefined:undefined:undefined":21,"s:169:4:169:Infinity":67,"b:169:8:169:28:169:28:169:48:169:48:169:72":22,"s:169:72:169:Infinity":68,"b:170:4:170:Infinity:undefined:undefined:undefined:undefined":23,"s:170:4:170:Infinity":69,"b:170:8:170:29:170:29:170:56":24,"s:170:56:170:Infinity":70,"s:173:17:173:Infinity":71,"s:174:17:174:Infinity":72,"b:175:4:181:Infinity:undefined:undefined:undefined:undefined":25,"s:175:4:181:Infinity":73,"b:176:7:176:37:176:37:176:Infinity:177:6:177:Infinity":26,"b:179:6:180:Infinity:180:11:180:Infinity":27,"s:179:6:180:Infinity":74,"s:179:50:179:Infinity":75,"s:180:11:180:Infinity":76,"s:183:4:188:Infinity":77,"s:192:32:192:Infinity":78},"fnNames":{}}}
,"C:\\Users\\Ashish Mishra\\OneDrive\\Desktop\\StadiumMind AI\\src\\features\\simulation\\store\\simulation-store.ts": {"path":"C:\\Users\\Ashish Mishra\\OneDrive\\Desktop\\StadiumMind AI\\src\\features\\simulation\\store\\simulation-store.ts","statementMap":{"0":{"start":{"line":42,"column":67},"end":{"line":52,"column":null}},"1":{"start":{"line":54,"column":34},"end":{"line":73,"column":null}},"2":{"start":{"line":54,"column":68},"end":{"line":73,"column":2}},"3":{"start":{"line":59,"column":15},"end":{"line":59,"column":null}},"4":{"start":{"line":60,"column":15},"end":{"line":60,"column":null}},"5":{"start":{"line":61,"column":16},"end":{"line":61,"column":null}},"6":{"start":{"line":62,"column":15},"end":{"line":62,"column":null}},"7":{"start":{"line":63,"column":23},"end":{"line":63,"column":null}},"8":{"start":{"line":65,"column":26},"end":{"line":65,"column":null}},"9":{"start":{"line":66,"column":26},"end":{"line":66,"column":null}},"10":{"start":{"line":67,"column":34},"end":{"line":67,"column":null}},"11":{"start":{"line":68,"column":38},"end":{"line":68,"column":null}},"12":{"start":{"line":69,"column":34},"end":{"line":69,"column":null}},"13":{"start":{"line":70,"column":34},"end":{"line":70,"column":null}},"14":{"start":{"line":71,"column":36},"end":{"line":71,"column":null}},"15":{"start":{"line":72,"column":32},"end":{"line":72,"column":null}}},"fnMap":{"0":{"name":"(anonymous_0)","decl":{"start":{"line":54,"column":34},"end":{"line":54,"column":59}},"loc":{"start":{"line":54,"column":68},"end":{"line":73,"column":2}},"line":54},"1":{"name":"(anonymous_1)","decl":{"start":{"line":59,"column":2},"end":{"line":59,"column":15}},"loc":{"start":{"line":59,"column":15},"end":{"line":59,"column":null}},"line":59},"2":{"name":"(anonymous_2)","decl":{"start":{"line":60,"column":2},"end":{"line":60,"column":15}},"loc":{"start":{"line":60,"column":15},"end":{"line":60,"column":null}},"line":60},"3":{"name":"(anonymous_3)","decl":{"start":{"line":61,"column":2},"end":{"line":61,"column":16}},"loc":{"start":{"line":61,"column":16},"end":{"line":61,"column":null}},"line":61},"4":{"name":"(anonymous_4)","decl":{"start":{"line":62,"column":2},"end":{"line":62,"column":15}},"loc":{"start":{"line":62,"column":15},"end":{"line":62,"column":null}},"line":62},"5":{"name":"(anonymous_5)","decl":{"start":{"line":63,"column":2},"end":{"line":63,"column":13}},"loc":{"start":{"line":63,"column":23},"end":{"line":63,"column":null}},"line":63},"6":{"name":"(anonymous_6)","decl":{"start":{"line":65,"column":2},"end":{"line":65,"column":16}},"loc":{"start":{"line":65,"column":26},"end":{"line":65,"column":null}},"line":65},"7":{"name":"(anonymous_7)","decl":{"start":{"line":66,"column":2},"end":{"line":66,"column":16}},"loc":{"start":{"line":66,"column":26},"end":{"line":66,"column":null}},"line":66},"8":{"name":"(anonymous_8)","decl":{"start":{"line":67,"column":2},"end":{"line":67,"column":20}},"loc":{"start":{"line":67,"column":34},"end":{"line":67,"column":null}},"line":67},"9":{"name":"(anonymous_9)","decl":{"start":{"line":68,"column":2},"end":{"line":68,"column":22}},"loc":{"start":{"line":68,"column":38},"end":{"line":68,"column":null}},"line":68},"10":{"name":"(anonymous_10)","decl":{"start":{"line":69,"column":2},"end":{"line":69,"column":20}},"loc":{"start":{"line":69,"column":34},"end":{"line":69,"column":null}},"line":69},"11":{"name":"(anonymous_11)","decl":{"start":{"line":70,"column":2},"end":{"line":70,"column":20}},"loc":{"start":{"line":70,"column":34},"end":{"line":70,"column":null}},"line":70},"12":{"name":"(anonymous_12)","decl":{"start":{"line":71,"column":2},"end":{"line":71,"column":21}},"loc":{"start":{"line":71,"column":36},"end":{"line":71,"column":null}},"line":71},"13":{"name":"(anonymous_13)","decl":{"start":{"line":72,"column":2},"end":{"line":72,"column":19}},"loc":{"start":{"line":72,"column":32},"end":{"line":72,"column":null}},"line":72}},"branchMap":{},"s":{"0":3,"1":3,"2":3,"3":0,"4":0,"5":0,"6":0,"7":0,"8":0,"9":0,"10":0,"11":0,"12":0,"13":3,"14":0,"15":0},"f":{"0":3,"1":0,"2":0,"3":0,"4":0,"5":0,"6":0,"7":0,"8":0,"9":0,"10":0,"11":3,"12":0,"13":0},"b":{},"meta":{"lastBranch":0,"lastFunction":14,"lastStatement":16,"seen":{"s:42:67:52:Infinity":0,"s:54:34:73:Infinity":1,"f:54:34:54:59":0,"s:54:68:73:2":2,"f:59:2:59:15":1,"s:59:15:59:Infinity":3,"f:60:2:60:15":2,"s:60:15:60:Infinity":4,"f:61:2:61:16":3,"s:61:16:61:Infinity":5,"f:62:2:62:15":4,"s:62:15:62:Infinity":6,"f:63:2:63:13":5,"s:63:23:63:Infinity":7,"f:65:2:65:16":6,"s:65:26:65:Infinity":8,"f:66:2:66:16":7,"s:66:26:66:Infinity":9,"f:67:2:67:20":8,"s:67:34:67:Infinity":10,"f:68:2:68:22":9,"s:68:38:68:Infinity":11,"f:69:2:69:20":10,"s:69:34:69:Infinity":12,"f:70:2:70:20":11,"s:70:34:70:Infinity":13,"f:71:2:71:21":12,"s:71:36:71:Infinity":14,"f:72:2:72:19":13,"s:72:32:72:Infinity":15},"fnNames":{}}}
,"C:\\Users\\Ashish Mishra\\OneDrive\\Desktop\\StadiumMind AI\\src\\features\\simulation\\utils\\generators.ts": {"path":"C:\\Users\\Ashish Mishra\\OneDrive\\Desktop\\StadiumMind AI\\src\\features\\simulation\\utils\\generators.ts","statementMap":{"0":{"start":{"line":13,"column":12},"end":{"line":13,"column":null}},"1":{"start":{"line":14,"column":2},"end":{"line":14,"column":null}},"2":{"start":{"line":24,"column":15},"end":{"line":24,"column":null}},"3":{"start":{"line":26,"column":8},"end":{"line":26,"column":null}},"4":{"start":{"line":27,"column":2},"end":{"line":27,"column":null}},"5":{"start":{"line":31,"column":13},"end":{"line":61,"column":null}},"6":{"start":{"line":32,"column":16},"end":{"line":39,"column":null}},"7":{"start":{"line":40,"column":47},"end":{"line":40,"column":null}},"8":{"start":{"line":42,"column":2},"end":{"line":58,"column":null}},"9":{"start":{"line":43,"column":21},"end":{"line":43,"column":null}},"10":{"start":{"line":44,"column":27},"end":{"line":44,"column":null}},"11":{"start":{"line":46,"column":4},"end":{"line":57,"column":null}},"12":{"start":{"line":60,"column":2},"end":{"line":60,"column":null}},"13":{"start":{"line":64,"column":13},"end":{"line":89,"column":null}},"14":{"start":{"line":65,"column":45},"end":{"line":65,"column":null}},"15":{"start":{"line":67,"column":2},"end":{"line":86,"column":null}},"16":{"start":{"line":67,"column":15},"end":{"line":67,"column":18}},"17":{"start":{"line":68,"column":4},"end":{"line":85,"column":null}},"18":{"start":{"line":88,"column":2},"end":{"line":88,"column":null}},"19":{"start":{"line":92,"column":13},"end":{"line":133,"column":null}},"20":{"start":{"line":93,"column":2},"end":{"line":132,"column":null}},"21":{"start":{"line":135,"column":13},"end":{"line":147,"column":null}},"22":{"start":{"line":135,"column":68},"end":{"line":147,"column":null}},"23":{"start":{"line":149,"column":13},"end":{"line":160,"column":null}},"24":{"start":{"line":149,"column":62},"end":{"line":160,"column":null}},"25":{"start":{"line":162,"column":13},"end":{"line":173,"column":null}},"26":{"start":{"line":162,"column":71},"end":{"line":173,"column":null}},"27":{"start":{"line":175,"column":13},"end":{"line":180,"column":null}},"28":{"start":{"line":175,"column":61},"end":{"line":180,"column":null}}},"fnMap":{"0":{"name":"seededRandom","decl":{"start":{"line":12,"column":16},"end":{"line":12,"column":29}},"loc":{"start":{"line":12,"column":43},"end":{"line":15,"column":null}},"line":12},"1":{"name":"generateFluctuation","decl":{"start":{"line":18,"column":16},"end":{"line":18,"column":null}},"loc":{"start":{"line":23,"column":10},"end":{"line":28,"column":null}},"line":23},"2":{"name":"(anonymous_2)","decl":{"start":{"line":31,"column":13},"end":{"line":31,"column":72}},"loc":{"start":{"line":31,"column":72},"end":{"line":61,"column":null}},"line":31},"3":{"name":"(anonymous_3)","decl":{"start":{"line":42,"column":8},"end":{"line":42,"column":17}},"loc":{"start":{"line":42,"column":33},"end":{"line":58,"column":3}},"line":42},"4":{"name":"(anonymous_4)","decl":{"start":{"line":64,"column":13},"end":{"line":64,"column":70}},"loc":{"start":{"line":64,"column":70},"end":{"line":89,"column":null}},"line":64},"5":{"name":"(anonymous_5)","decl":{"start":{"line":92,"column":13},"end":{"line":92,"column":79}},"loc":{"start":{"line":92,"column":79},"end":{"line":133,"column":null}},"line":92},"6":{"name":"(anonymous_6)","decl":{"start":{"line":135,"column":13},"end":{"line":135,"column":68}},"loc":{"start":{"line":135,"column":68},"end":{"line":147,"column":null}},"line":135},"7":{"name":"(anonymous_7)","decl":{"start":{"line":149,"column":13},"end":{"line":149,"column":62}},"loc":{"start":{"line":149,"column":62},"end":{"line":160,"column":null}},"line":149},"8":{"name":"(anonymous_8)","decl":{"start":{"line":162,"column":13},"end":{"line":162,"column":71}},"loc":{"start":{"line":162,"column":71},"end":{"line":173,"column":null}},"line":162},"9":{"name":"(anonymous_9)","decl":{"start":{"line":175,"column":13},"end":{"line":175,"column":61}},"loc":{"start":{"line":175,"column":61},"end":{"line":180,"column":null}},"line":175}},"branchMap":{"0":{"loc":{"start":{"line":22,"column":2},"end":{"line":22,"column":null}},"type":"default-arg","locations":[{"start":{"line":22,"column":18},"end":{"line":22,"column":null}}],"line":22},"1":{"loc":{"start":{"line":43,"column":21},"end":{"line":43,"column":null}},"type":"cond-expr","locations":[{"start":{"line":43,"column":44},"end":{"line":43,"column":51}},{"start":{"line":43,"column":51},"end":{"line":43,"column":null}}],"line":43},"2":{"loc":{"start":{"line":43,"column":51},"end":{"line":43,"column":null}},"type":"cond-expr","locations":[{"start":{"line":43,"column":74},"end":{"line":43,"column":82}},{"start":{"line":43,"column":82},"end":{"line":43,"column":null}}],"line":43},"3":{"loc":{"start":{"line":78,"column":27},"end":{"line":78,"column":null}},"type":"cond-expr","locations":[{"start":{"line":78,"column":41},"end":{"line":78,"column":47}},{"start":{"line":78,"column":47},"end":{"line":78,"column":null}}],"line":78}},"s":{"0":0,"1":0,"2":0,"3":0,"4":0,"5":3,"6":3,"7":3,"8":3,"9":18,"10":18,"11":18,"12":3,"13":3,"14":3,"15":3,"16":3,"17":24,"18":3,"19":3,"20":3,"21":3,"22":3,"23":3,"24":3,"25":3,"26":3,"27":3,"28":3},"f":{"0":0,"1":0,"2":3,"3":18,"4":3,"5":3,"6":3,"7":3,"8":3,"9":3},"b":{"0":[0],"1":[3,15],"2":[3,12],"3":[12,12]},"meta":{"lastBranch":4,"lastFunction":10,"lastStatement":29,"seen":{"f:12:16:12:29":0,"s:13:12:13:Infinity":0,"s:14:2:14:Infinity":1,"f:18:16:18:Infinity":1,"b:22:18:22:Infinity":0,"s:24:15:24:Infinity":2,"s:26:8:26:Infinity":3,"s:27:2:27:Infinity":4,"s:31:13:61:Infinity":5,"f:31:13:31:72":2,"s:32:16:39:Infinity":6,"s:40:47:40:Infinity":7,"s:42:2:58:Infinity":8,"f:42:8:42:17":3,"s:43:21:43:Infinity":9,"b:43:44:43:51:43:51:43:Infinity":1,"b:43:74:43:82:43:82:43:Infinity":2,"s:44:27:44:Infinity":10,"s:46:4:57:Infinity":11,"s:60:2:60:Infinity":12,"s:64:13:89:Infinity":13,"f:64:13:64:70":4,"s:65:45:65:Infinity":14,"s:67:2:86:Infinity":15,"s:67:15:67:18":16,"s:68:4:85:Infinity":17,"b:78:41:78:47:78:47:78:Infinity":3,"s:88:2:88:Infinity":18,"s:92:13:133:Infinity":19,"f:92:13:92:79":5,"s:93:2:132:Infinity":20,"s:135:13:147:Infinity":21,"f:135:13:135:68":6,"s:135:68:147:Infinity":22,"s:149:13:160:Infinity":23,"f:149:13:149:62":7,"s:149:62:160:Infinity":24,"s:162:13:173:Infinity":25,"f:162:13:162:71":8,"s:162:71:173:Infinity":26,"s:175:13:180:Infinity":27,"f:175:13:175:61":9,"s:175:61:180:Infinity":28},"fnNames":{}}}
,"C:\\Users\\Ashish Mishra\\OneDrive\\Desktop\\StadiumMind AI\\src\\utils\\logger.ts": {"path":"C:\\Users\\Ashish Mishra\\OneDrive\\Desktop\\StadiumMind AI\\src\\utils\\logger.ts","statementMap":{"0":{"start":{"line":19,"column":31},"end":{"line":19,"column":null}},"1":{"start":{"line":20,"column":32},"end":{"line":20,"column":null}},"2":{"start":{"line":26,"column":4},"end":{"line":26,"column":null}},"3":{"start":{"line":27,"column":4},"end":{"line":30,"column":null}},"4":{"start":{"line":39,"column":22},"end":{"line":39,"column":null}},"5":{"start":{"line":40,"column":23},"end":{"line":40,"column":null}},"6":{"start":{"line":42,"column":28},"end":{"line":48,"column":null}},"7":{"start":{"line":50,"column":4},"end":{"line":50,"column":null}},"8":{"start":{"line":51,"column":4},"end":{"line":53,"column":null}},"9":{"start":{"line":52,"column":6},"end":{"line":52,"column":null}},"10":{"start":{"line":57,"column":4},"end":{"line":60,"column":null}},"11":{"start":{"line":58,"column":26},"end":{"line":58,"column":null}},"12":{"start":{"line":59,"column":6},"end":{"line":59,"column":null}},"13":{"start":{"line":64,"column":4},"end":{"line":66,"column":null}},"14":{"start":{"line":65,"column":6},"end":{"line":65,"column":null}},"15":{"start":{"line":65,"column":39},"end":{"line":65,"column":62}},"16":{"start":{"line":67,"column":4},"end":{"line":67,"column":null}},"17":{"start":{"line":71,"column":4},"end":{"line":71,"column":null}},"18":{"start":{"line":76,"column":22},"end":{"line":76,"column":null}}},"fnMap":{"0":{"name":"constructor","decl":{"start":{"line":25,"column":2},"end":{"line":25,"column":16}},"loc":{"start":{"line":25,"column":16},"end":{"line":31,"column":null}},"line":25},"1":{"name":"log","decl":{"start":{"line":33,"column":2},"end":{"line":33,"column":9}},"loc":{"start":{"line":38,"column":4},"end":{"line":61,"column":null}},"line":38},"2":{"name":"getEvents","decl":{"start":{"line":63,"column":2},"end":{"line":63,"column":9}},"loc":{"start":{"line":63,"column":55},"end":{"line":68,"column":null}},"line":63},"3":{"name":"(anonymous_3)","decl":{"start":{"line":65,"column":25},"end":{"line":65,"column":33}},"loc":{"start":{"line":65,"column":39},"end":{"line":65,"column":62}},"line":65},"4":{"name":"getStartupDuration","decl":{"start":{"line":70,"column":2},"end":{"line":70,"column":9}},"loc":{"start":{"line":70,"column":38},"end":{"line":72,"column":null}},"line":70}},"branchMap":{"0":{"loc":{"start":{"line":29,"column":15},"end":{"line":29,"column":null}},"type":"binary-expr","locations":[{"start":{"line":29,"column":15},"end":{"line":29,"column":51}},{"start":{"line":29,"column":51},"end":{"line":29,"column":null}}],"line":29},"1":{"loc":{"start":{"line":40,"column":23},"end":{"line":40,"column":null}},"type":"cond-expr","locations":[{"start":{"line":40,"column":35},"end":{"line":40,"column":60}},{"start":{"line":40,"column":60},"end":{"line":40,"column":null}}],"line":40},"2":{"loc":{"start":{"line":51,"column":4},"end":{"line":53,"column":null}},"type":"if","locations":[{"start":{"line":51,"column":4},"end":{"line":53,"column":null}},{"start":{},"end":{}}],"line":51},"3":{"loc":{"start":{"line":57,"column":4},"end":{"line":60,"column":null}},"type":"if","locations":[{"start":{"line":57,"column":4},"end":{"line":60,"column":null}},{"start":{},"end":{}}],"line":57},"4":{"loc":{"start":{"line":58,"column":26},"end":{"line":58,"column":null}},"type":"cond-expr","locations":[{"start":{"line":58,"column":53},"end":{"line":58,"column":75}},{"start":{"line":58,"column":75},"end":{"line":58,"column":null}}],"line":58},"5":{"loc":{"start":{"line":59,"column":72},"end":{"line":59,"column":86}},"type":"binary-expr","locations":[{"start":{"line":59,"column":72},"end":{"line":59,"column":84}},{"start":{"line":59,"column":84},"end":{"line":59,"column":86}}],"line":59},"6":{"loc":{"start":{"line":64,"column":4},"end":{"line":66,"column":null}},"type":"if","locations":[{"start":{"line":64,"column":4},"end":{"line":66,"column":null}},{"start":{},"end":{}}],"line":64}},"s":{"0":3,"1":3,"2":3,"3":3,"4":5,"5":5,"6":5,"7":5,"8":5,"9":0,"10":5,"11":0,"12":0,"13":0,"14":0,"15":0,"16":0,"17":0,"18":3},"f":{"0":3,"1":5,"2":0,"3":0,"4":0},"b":{"0":[3,3],"1":[1,4],"2":[0,5],"3":[0,5],"4":[0,0],"5":[0,0],"6":[0,0]},"meta":{"lastBranch":7,"lastFunction":5,"lastStatement":19,"seen":{"s:19:31:19:Infinity":0,"s:20:32:20:Infinity":1,"f:25:2:25:16":0,"s:26:4:26:Infinity":2,"s:27:4:30:Infinity":3,"b:29:15:29:51:29:51:29:Infinity":0,"f:33:2:33:9":1,"s:39:22:39:Infinity":4,"s:40:23:40:Infinity":5,"b:40:35:40:60:40:60:40:Infinity":1,"s:42:28:48:Infinity":6,"s:50:4:50:Infinity":7,"b:51:4:53:Infinity:undefined:undefined:undefined:undefined":2,"s:51:4:53:Infinity":8,"s:52:6:52:Infinity":9,"b:57:4:60:Infinity:undefined:undefined:undefined:undefined":3,"s:57:4:60:Infinity":10,"s:58:26:58:Infinity":11,"b:58:53:58:75:58:75:58:Infinity":4,"s:59:6:59:Infinity":12,"b:59:72:59:84:59:84:59:86":5,"f:63:2:63:9":2,"b:64:4:66:Infinity:undefined:undefined:undefined:undefined":6,"s:64:4:66:Infinity":13,"s:65:6:65:Infinity":14,"f:65:25:65:33":3,"s:65:39:65:62":15,"s:67:4:67:Infinity":16,"f:70:2:70:9":4,"s:71:4:71:Infinity":17,"s:76:22:76:Infinity":18},"fnNames":{}}}
}
